<?xml version="1.0" encoding="UTF-8"?>
<!-- Generated by org.testng.reporters.JUnitXMLReporter -->
<testsuite ignored="0" hostname="DESKTOP-FTIU28S" failures="0" tests="22" name="EdgeTest" time="183.988" errors="0" timestamp="2023-03-27T09:22:58 IST">
  <testcase classname="Explore_Products_Tab.VerifyDepositsOption" name="@BeforeMethod launchApplication" time="117.358">
    <failure type="org.openqa.selenium.NoSuchElementException" message="no such element: Unable to locate element: {&amp;quot;method&amp;quot;:&amp;quot;xpath&amp;quot;,&amp;quot;selector&amp;quot;:&amp;quot;//span[text()=&amp;apos;X&amp;apos;]&amp;quot;}
  (Session info: MicrosoftEdge=111.0.1661.54)
For documentation on this error, please visit: https://www.seleniumhq.org/exceptions/no_such_element.html
Build info: version: &amp;apos;3.141.59&amp;apos;, revision: &amp;apos;e82be7d358&amp;apos;, time: &amp;apos;2018-11-14T08:17:03&amp;apos;
System info: host: &amp;apos;DESKTOP-FTIU28S&amp;apos;, ip: &amp;apos;192.168.184.1&amp;apos;, os.name: &amp;apos;Windows 11&amp;apos;, os.arch: &amp;apos;amd64&amp;apos;, os.version: &amp;apos;10.0&amp;apos;, java.version: &amp;apos;17.0.5&amp;apos;
Driver info: org.openqa.selenium.edge.EdgeDriver
Capabilities {acceptInsecureCerts: false, browserName: msedge, browserVersion: 111.0.1661.54, javascriptEnabled: true, ms:edgeOptions: {debuggerAddress: localhost:49750}, msedge: {msedgedriverVersion: 111.0.1661.51 (5b30e0e79e57..., userDataDir: C:\Users\Akash\AppData\Loca...}, networkConnectionEnabled: false, pageLoadStrategy: normal, platform: WINDOWS, platformName: WINDOWS, proxy: Proxy(), setWindowRect: true, strictFileInteractability: false, timeouts: {implicit: 0, pageLoad: 300000, script: 30000}, unhandledPromptBehavior: dismiss and notify, webauthn:extension:credBlob: true, webauthn:extension:largeBlob: true, webauthn:extension:minPinLength: true, webauthn:extension:prf: true, webauthn:virtualAuthenticators: true}
Session ID: d8f0ad82b9a845a11a4810dec99007d5
*** Element info: {Using=xpath, value=//span[text()=&amp;apos;X&amp;apos;]}">
      <![CDATA[org.openqa.selenium.NoSuchElementException: no such element: Unable to locate element: {"method":"xpath","selector":"//span[text()='X']"}
  (Session info: MicrosoftEdge=111.0.1661.54)
For documentation on this error, please visit: https://www.seleniumhq.org/exceptions/no_such_element.html
Build info: version: '3.141.59', revision: 'e82be7d358', time: '2018-11-14T08:17:03'
System info: host: 'DESKTOP-FTIU28S', ip: '192.168.184.1', os.name: 'Windows 11', os.arch: 'amd64', os.version: '10.0', java.version: '17.0.5'
Driver info: org.openqa.selenium.edge.EdgeDriver
Capabilities {acceptInsecureCerts: false, browserName: msedge, browserVersion: 111.0.1661.54, javascriptEnabled: true, ms:edgeOptions: {debuggerAddress: localhost:49750}, msedge: {msedgedriverVersion: 111.0.1661.51 (5b30e0e79e57..., userDataDir: C:\Users\Akash\AppData\Loca...}, networkConnectionEnabled: false, pageLoadStrategy: normal, platform: WINDOWS, platformName: WINDOWS, proxy: Proxy(), setWindowRect: true, strictFileInteractability: false, timeouts: {implicit: 0, pageLoad: 300000, script: 30000}, unhandledPromptBehavior: dismiss and notify, webauthn:extension:credBlob: true, webauthn:extension:largeBlob: true, webauthn:extension:minPinLength: true, webauthn:extension:prf: true, webauthn:virtualAuthenticators: true}
Session ID: d8f0ad82b9a845a11a4810dec99007d5
*** Element info: {Using=xpath, value=//span[text()='X']}
at org.openqa.selenium.remote.http.W3CHttpResponseCodec.createException(W3CHttpResponseCodec.java:187)
at org.openqa.selenium.remote.http.W3CHttpResponseCodec.decode(W3CHttpResponseCodec.java:122)
at org.openqa.selenium.remote.http.W3CHttpResponseCodec.decode(W3CHttpResponseCodec.java:49)
at org.openqa.selenium.remote.HttpCommandExecutor.execute(HttpCommandExecutor.java:158)
at org.openqa.selenium.remote.service.DriverCommandExecutor.execute(DriverCommandExecutor.java:83)
at org.openqa.selenium.remote.RemoteWebDriver.execute(RemoteWebDriver.java:552)
at org.openqa.selenium.remote.RemoteWebDriver.findElement(RemoteWebDriver.java:323)
at org.openqa.selenium.remote.RemoteWebDriver.findElementByXPath(RemoteWebDriver.java:428)
at org.openqa.selenium.By$ByXPath.findElement(By.java:353)
at org.openqa.selenium.remote.RemoteWebDriver.findElement(RemoteWebDriver.java:315)
at org.openqa.selenium.support.pagefactory.DefaultElementLocator.findElement(DefaultElementLocator.java:69)
at org.openqa.selenium.support.pagefactory.internal.LocatingElementHandler.invoke(LocatingElementHandler.java:38)
at jdk.proxy2/jdk.proxy2.$Proxy17.click(Unknown Source)
at Log_In_Function.LogInTab.clickOnClosedAdsButton(LogInTab.java:73)
at Explore_Products_Tab.VerifyDepositsOption.launchApplication(VerifyDepositsOption.java:69)
at java.base/java.util.concurrent.ThreadPoolExecutor.runWorker(ThreadPoolExecutor.java:1136)
at java.base/java.util.concurrent.ThreadPoolExecutor$Worker.run(ThreadPoolExecutor.java:635)
at java.base/java.lang.Thread.run(Thread.java:833)
... Removed 21 stack frames]]>
    </failure>
  </testcase> <!-- @BeforeMethod launchApplication -->
  <testcase classname="Explore_Products_Tab.VerifyDepositsOption" name="@AfterMethod logOutFromApplication" time="-1.679889134443E9">
    <skipped/>
  </testcase> <!-- @AfterMethod logOutFromApplication -->
  <testcase classname="Explore_Products_Tab.VerifyDepositsOption" name="@BeforeMethod launchApplication" time="-1.67988913445E9">
    <skipped/>
  </testcase> <!-- @BeforeMethod launchApplication -->
  <testcase classname="Explore_Products_Tab.VerifyDepositsOption" name="@AfterMethod logOutFromApplication" time="-1.679889134457E9">
    <skipped/>
  </testcase> <!-- @AfterMethod logOutFromApplication -->
  <testcase classname="Explore_Products_Tab.VerifyDepositsOption" name="@BeforeMethod launchApplication" time="-1.679889134463E9">
    <skipped/>
  </testcase> <!-- @BeforeMethod launchApplication -->
  <testcase classname="Explore_Products_Tab.VerifyDepositsOption" name="@AfterMethod logOutFromApplication" time="-1.679889134474E9">
    <skipped/>
  </testcase> <!-- @AfterMethod logOutFromApplication -->
  <testcase classname="Explore_Products_Tab.VerifyDepositsOption" name="@BeforeMethod launchApplication" time="-1.679889134502E9">
    <skipped/>
  </testcase> <!-- @BeforeMethod launchApplication -->
  <testcase classname="Explore_Products_Tab.VerifyDepositsOption" name="@AfterMethod logOutFromApplication" time="-1.679889134533E9">
    <skipped/>
  </testcase> <!-- @AfterMethod logOutFromApplication -->
  <testcase classname="Explore_Products_Tab.VerifyDepositsOption" name="@BeforeMethod launchApplication" time="-1.67988913454E9">
    <skipped/>
  </testcase> <!-- @BeforeMethod launchApplication -->
  <testcase classname="Explore_Products_Tab.VerifyDepositsOption" name="@AfterMethod logOutFromApplication" time="-1.679889134566E9">
    <skipped/>
  </testcase> <!-- @AfterMethod logOutFromApplication -->
  <testcase classname="Explore_Products_Tab.VerifyDepositsOption" name="@BeforeMethod launchApplication" time="-1.679889134569E9">
    <skipped/>
  </testcase> <!-- @BeforeMethod launchApplication -->
  <testcase classname="Explore_Products_Tab.VerifyDepositsOption" name="@AfterMethod logOutFromApplication" time="-1.679889134607E9">
    <skipped/>
  </testcase> <!-- @AfterMethod logOutFromApplication -->
  <testcase classname="Explore_Products_Tab.VerifyDepositsOption" name="@BeforeMethod launchApplication" time="-1.679889134616E9">
    <skipped/>
  </testcase> <!-- @BeforeMethod launchApplication -->
  <testcase classname="Explore_Products_Tab.VerifyDepositsOption" name="@AfterMethod logOutFromApplication" time="-1.679889134641E9">
    <skipped/>
  </testcase> <!-- @AfterMethod logOutFromApplication -->
  <testcase classname="Explore_Products_Tab.VerifyDepositsOption" name="@AfterClass clearObject" time="-1.679889134655E9">
    <skipped/>
  </testcase> <!-- @AfterClass clearObject -->
  <testcase classname="Home_Page.VerifyExploreProductTab" name="@BeforeMethod launchWebApplication" time="128.868">
    <failure type="org.openqa.selenium.NoSuchElementException" message="no such element: Unable to locate element: {&amp;quot;method&amp;quot;:&amp;quot;xpath&amp;quot;,&amp;quot;selector&amp;quot;:&amp;quot;//span[text()=&amp;apos;X&amp;apos;]&amp;quot;}
  (Session info: MicrosoftEdge=111.0.1661.54)
For documentation on this error, please visit: https://www.seleniumhq.org/exceptions/no_such_element.html
Build info: version: &amp;apos;3.141.59&amp;apos;, revision: &amp;apos;e82be7d358&amp;apos;, time: &amp;apos;2018-11-14T08:17:03&amp;apos;
System info: host: &amp;apos;DESKTOP-FTIU28S&amp;apos;, ip: &amp;apos;192.168.184.1&amp;apos;, os.name: &amp;apos;Windows 11&amp;apos;, os.arch: &amp;apos;amd64&amp;apos;, os.version: &amp;apos;10.0&amp;apos;, java.version: &amp;apos;17.0.5&amp;apos;
Driver info: org.openqa.selenium.edge.EdgeDriver
Capabilities {acceptInsecureCerts: false, browserName: msedge, browserVersion: 111.0.1661.54, javascriptEnabled: true, ms:edgeOptions: {debuggerAddress: localhost:49995}, msedge: {msedgedriverVersion: 111.0.1661.51 (5b30e0e79e57..., userDataDir: C:\Users\Akash\AppData\Loca...}, networkConnectionEnabled: false, pageLoadStrategy: normal, platform: WINDOWS, platformName: WINDOWS, proxy: Proxy(), setWindowRect: true, strictFileInteractability: false, timeouts: {implicit: 0, pageLoad: 300000, script: 30000}, unhandledPromptBehavior: dismiss and notify, webauthn:extension:credBlob: true, webauthn:extension:largeBlob: true, webauthn:extension:minPinLength: true, webauthn:extension:prf: true, webauthn:virtualAuthenticators: true}
Session ID: be99062612721b1f66cf7fdaec7a4665
*** Element info: {Using=xpath, value=//span[text()=&amp;apos;X&amp;apos;]}">
      <![CDATA[org.openqa.selenium.NoSuchElementException: no such element: Unable to locate element: {"method":"xpath","selector":"//span[text()='X']"}
  (Session info: MicrosoftEdge=111.0.1661.54)
For documentation on this error, please visit: https://www.seleniumhq.org/exceptions/no_such_element.html
Build info: version: '3.141.59', revision: 'e82be7d358', time: '2018-11-14T08:17:03'
System info: host: 'DESKTOP-FTIU28S', ip: '192.168.184.1', os.name: 'Windows 11', os.arch: 'amd64', os.version: '10.0', java.version: '17.0.5'
Driver info: org.openqa.selenium.edge.EdgeDriver
Capabilities {acceptInsecureCerts: false, browserName: msedge, browserVersion: 111.0.1661.54, javascriptEnabled: true, ms:edgeOptions: {debuggerAddress: localhost:49995}, msedge: {msedgedriverVersion: 111.0.1661.51 (5b30e0e79e57..., userDataDir: C:\Users\Akash\AppData\Loca...}, networkConnectionEnabled: false, pageLoadStrategy: normal, platform: WINDOWS, platformName: WINDOWS, proxy: Proxy(), setWindowRect: true, strictFileInteractability: false, timeouts: {implicit: 0, pageLoad: 300000, script: 30000}, unhandledPromptBehavior: dismiss and notify, webauthn:extension:credBlob: true, webauthn:extension:largeBlob: true, webauthn:extension:minPinLength: true, webauthn:extension:prf: true, webauthn:virtualAuthenticators: true}
Session ID: be99062612721b1f66cf7fdaec7a4665
*** Element info: {Using=xpath, value=//span[text()='X']}
at org.openqa.selenium.remote.http.W3CHttpResponseCodec.createException(W3CHttpResponseCodec.java:187)
at org.openqa.selenium.remote.http.W3CHttpResponseCodec.decode(W3CHttpResponseCodec.java:122)
at org.openqa.selenium.remote.http.W3CHttpResponseCodec.decode(W3CHttpResponseCodec.java:49)
at org.openqa.selenium.remote.HttpCommandExecutor.execute(HttpCommandExecutor.java:158)
at org.openqa.selenium.remote.service.DriverCommandExecutor.execute(DriverCommandExecutor.java:83)
at org.openqa.selenium.remote.RemoteWebDriver.execute(RemoteWebDriver.java:552)
at org.openqa.selenium.remote.RemoteWebDriver.findElement(RemoteWebDriver.java:323)
at org.openqa.selenium.remote.RemoteWebDriver.findElementByXPath(RemoteWebDriver.java:428)
at org.openqa.selenium.By$ByXPath.findElement(By.java:353)
at org.openqa.selenium.remote.RemoteWebDriver.findElement(RemoteWebDriver.java:315)
at org.openqa.selenium.support.pagefactory.DefaultElementLocator.findElement(DefaultElementLocator.java:69)
at org.openqa.selenium.support.pagefactory.internal.LocatingElementHandler.invoke(LocatingElementHandler.java:38)
at jdk.proxy2/jdk.proxy2.$Proxy17.click(Unknown Source)
at Log_In_Function.LogInTab.clickOnClosedAdsButton(LogInTab.java:73)
at Home_Page.VerifyExploreProductTab.launchWebApplication(VerifyExploreProductTab.java:66)
at java.base/java.util.concurrent.ThreadPoolExecutor.runWorker(ThreadPoolExecutor.java:1136)
at java.base/java.util.concurrent.ThreadPoolExecutor$Worker.run(ThreadPoolExecutor.java:635)
at java.base/java.lang.Thread.run(Thread.java:833)
... Removed 21 stack frames]]>
    </failure>
  </testcase> <!-- @BeforeMethod launchWebApplication -->
  <testcase classname="Home_Page.VerifyExploreProductTab" name="@AfterMethod logOutFromApplication" time="-1.679889145932E9">
    <skipped/>
  </testcase> <!-- @AfterMethod logOutFromApplication -->
  <testcase classname="Home_Page.VerifyExploreProductTab" name="@BeforeMethod launchWebApplication" time="-1.679889145935E9">
    <skipped/>
  </testcase> <!-- @BeforeMethod launchWebApplication -->
  <testcase classname="Home_Page.VerifyExploreProductTab" name="@AfterMethod logOutFromApplication" time="-1.679889145939E9">
    <skipped/>
  </testcase> <!-- @AfterMethod logOutFromApplication -->
  <testcase classname="Home_Page.VerifyExploreProductTab" name="@AfterClass clearObject" time="-1.67988914594E9">
    <skipped/>
  </testcase> <!-- @AfterClass clearObject -->
  <testcase classname="Explore_Products_Tab.VerifyAccountsOption" name="@BeforeMethod launchWebApplication" time="6.916">
    <failure type="org.openqa.selenium.NoSuchWindowException" message="no such window: target window already closed
from unknown error: web view not found
  (Session info: MicrosoftEdge=111.0.1661.54)
Build info: version: &amp;apos;3.141.59&amp;apos;, revision: &amp;apos;e82be7d358&amp;apos;, time: &amp;apos;2018-11-14T08:17:03&amp;apos;
System info: host: &amp;apos;DESKTOP-FTIU28S&amp;apos;, ip: &amp;apos;192.168.184.1&amp;apos;, os.name: &amp;apos;Windows 11&amp;apos;, os.arch: &amp;apos;amd64&amp;apos;, os.version: &amp;apos;10.0&amp;apos;, java.version: &amp;apos;17.0.5&amp;apos;
Driver info: org.openqa.selenium.edge.EdgeDriver
Capabilities {acceptInsecureCerts: false, browserName: msedge, browserVersion: 111.0.1661.54, javascriptEnabled: true, ms:edgeOptions: {debuggerAddress: localhost:49692}, msedge: {msedgedriverVersion: 111.0.1661.51 (5b30e0e79e57..., userDataDir: C:\Users\Akash\AppData\Loca...}, networkConnectionEnabled: false, pageLoadStrategy: normal, platform: WINDOWS, platformName: WINDOWS, proxy: Proxy(), setWindowRect: true, strictFileInteractability: false, timeouts: {implicit: 0, pageLoad: 300000, script: 30000}, unhandledPromptBehavior: dismiss and notify, webauthn:extension:credBlob: true, webauthn:extension:largeBlob: true, webauthn:extension:minPinLength: true, webauthn:extension:prf: true, webauthn:virtualAuthenticators: true}
Session ID: 77766bfafcd9481dbed798c18a8b75be
*** Element info: {Using=xpath, value=//span[text()=&amp;apos;X&amp;apos;]}">
      <![CDATA[org.openqa.selenium.NoSuchWindowException: no such window: target window already closed
from unknown error: web view not found
  (Session info: MicrosoftEdge=111.0.1661.54)
Build info: version: '3.141.59', revision: 'e82be7d358', time: '2018-11-14T08:17:03'
System info: host: 'DESKTOP-FTIU28S', ip: '192.168.184.1', os.name: 'Windows 11', os.arch: 'amd64', os.version: '10.0', java.version: '17.0.5'
Driver info: org.openqa.selenium.edge.EdgeDriver
Capabilities {acceptInsecureCerts: false, browserName: msedge, browserVersion: 111.0.1661.54, javascriptEnabled: true, ms:edgeOptions: {debuggerAddress: localhost:49692}, msedge: {msedgedriverVersion: 111.0.1661.51 (5b30e0e79e57..., userDataDir: C:\Users\Akash\AppData\Loca...}, networkConnectionEnabled: false, pageLoadStrategy: normal, platform: WINDOWS, platformName: WINDOWS, proxy: Proxy(), setWindowRect: true, strictFileInteractability: false, timeouts: {implicit: 0, pageLoad: 300000, script: 30000}, unhandledPromptBehavior: dismiss and notify, webauthn:extension:credBlob: true, webauthn:extension:largeBlob: true, webauthn:extension:minPinLength: true, webauthn:extension:prf: true, webauthn:virtualAuthenticators: true}
Session ID: 77766bfafcd9481dbed798c18a8b75be
*** Element info: {Using=xpath, value=//span[text()='X']}
at org.openqa.selenium.remote.http.W3CHttpResponseCodec.createException(W3CHttpResponseCodec.java:187)
at org.openqa.selenium.remote.http.W3CHttpResponseCodec.decode(W3CHttpResponseCodec.java:122)
at org.openqa.selenium.remote.http.W3CHttpResponseCodec.decode(W3CHttpResponseCodec.java:49)
at org.openqa.selenium.remote.HttpCommandExecutor.execute(HttpCommandExecutor.java:158)
at org.openqa.selenium.remote.service.DriverCommandExecutor.execute(DriverCommandExecutor.java:83)
at org.openqa.selenium.remote.RemoteWebDriver.execute(RemoteWebDriver.java:552)
at org.openqa.selenium.remote.RemoteWebDriver.findElement(RemoteWebDriver.java:323)
at org.openqa.selenium.remote.RemoteWebDriver.findElementByXPath(RemoteWebDriver.java:428)
at org.openqa.selenium.By$ByXPath.findElement(By.java:353)
at org.openqa.selenium.remote.RemoteWebDriver.findElement(RemoteWebDriver.java:315)
at org.openqa.selenium.support.pagefactory.DefaultElementLocator.findElement(DefaultElementLocator.java:69)
at org.openqa.selenium.support.pagefactory.internal.LocatingElementHandler.invoke(LocatingElementHandler.java:38)
at jdk.proxy2/jdk.proxy2.$Proxy17.click(Unknown Source)
at Log_In_Function.LogInTab.clickOnClosedAdsButton(LogInTab.java:73)
at Explore_Products_Tab.VerifyAccountsOption.launchWebApplication(VerifyAccountsOption.java:66)
at java.base/java.util.concurrent.ThreadPoolExecutor.runWorker(ThreadPoolExecutor.java:1136)
at java.base/java.util.concurrent.ThreadPoolExecutor$Worker.run(ThreadPoolExecutor.java:635)
at java.base/java.lang.Thread.run(Thread.java:833)
... Removed 21 stack frames]]>
    </failure>
  </testcase> <!-- @BeforeMethod launchWebApplication -->
  <testcase classname="Explore_Products_Tab.VerifyAccountsOption" name="@AfterMethod logOutFromApplication" time="-1.679889178111E9">
    <skipped/>
  </testcase> <!-- @AfterMethod logOutFromApplication -->
  <testcase classname="Explore_Products_Tab.VerifyAccountsOption" name="@BeforeMethod launchWebApplication" time="-1.679889178113E9">
    <skipped/>
  </testcase> <!-- @BeforeMethod launchWebApplication -->
  <testcase classname="Explore_Products_Tab.VerifyAccountsOption" name="@AfterMethod logOutFromApplication" time="-1.679889178122E9">
    <skipped/>
  </testcase> <!-- @AfterMethod logOutFromApplication -->
  <testcase classname="Explore_Products_Tab.VerifyAccountsOption" name="@BeforeMethod launchWebApplication" time="-1.679889178132E9">
    <skipped/>
  </testcase> <!-- @BeforeMethod launchWebApplication -->
  <testcase classname="Explore_Products_Tab.VerifyAccountsOption" name="@AfterMethod logOutFromApplication" time="-1.679889178143E9">
    <skipped/>
  </testcase> <!-- @AfterMethod logOutFromApplication -->
  <testcase classname="Explore_Products_Tab.VerifyAccountsOption" name="@BeforeMethod launchWebApplication" time="-1.679889178144E9">
    <skipped/>
  </testcase> <!-- @BeforeMethod launchWebApplication -->
  <testcase classname="Explore_Products_Tab.VerifyAccountsOption" name="@AfterMethod logOutFromApplication" time="-1.679889178149E9">
    <skipped/>
  </testcase> <!-- @AfterMethod logOutFromApplication -->
  <testcase classname="Explore_Products_Tab.VerifyAccountsOption" name="@BeforeMethod launchWebApplication" time="-1.67988917815E9">
    <skipped/>
  </testcase> <!-- @BeforeMethod launchWebApplication -->
  <testcase classname="Explore_Products_Tab.VerifyAccountsOption" name="@AfterMethod logOutFromApplication" time="-1.679889178157E9">
    <skipped/>
  </testcase> <!-- @AfterMethod logOutFromApplication -->
  <testcase classname="Explore_Products_Tab.VerifyAccountsOption" name="@BeforeMethod launchWebApplication" time="-1.679889178159E9">
    <skipped/>
  </testcase> <!-- @BeforeMethod launchWebApplication -->
  <testcase classname="Explore_Products_Tab.VerifyAccountsOption" name="@AfterMethod logOutFromApplication" time="-1.67988917817E9">
    <skipped/>
  </testcase> <!-- @AfterMethod logOutFromApplication -->
  <testcase classname="Explore_Products_Tab.VerifyAccountsOption" name="@BeforeMethod launchWebApplication" time="-1.679889178177E9">
    <skipped/>
  </testcase> <!-- @BeforeMethod launchWebApplication -->
  <testcase classname="Explore_Products_Tab.VerifyAccountsOption" name="@AfterMethod logOutFromApplication" time="-1.679889178229E9">
    <skipped/>
  </testcase> <!-- @AfterMethod logOutFromApplication -->
  <testcase classname="Explore_Products_Tab.VerifyAccountsOption" name="@BeforeMethod launchWebApplication" time="-1.679889178247E9">
    <skipped/>
  </testcase> <!-- @BeforeMethod launchWebApplication -->
  <testcase classname="Explore_Products_Tab.VerifyAccountsOption" name="@AfterMethod logOutFromApplication" time="-1.679889178255E9">
    <skipped/>
  </testcase> <!-- @AfterMethod logOutFromApplication -->
  <testcase classname="Explore_Products_Tab.VerifyAccountsOption" name="@BeforeMethod launchWebApplication" time="-1.67988917826E9">
    <skipped/>
  </testcase> <!-- @BeforeMethod launchWebApplication -->
  <testcase classname="Explore_Products_Tab.VerifyAccountsOption" name="@AfterMethod logOutFromApplication" time="-1.679889178283E9">
    <skipped/>
  </testcase> <!-- @AfterMethod logOutFromApplication -->
  <testcase classname="Explore_Products_Tab.VerifyAccountsOption" name="@BeforeMethod launchWebApplication" time="-1.679889178287E9">
    <skipped/>
  </testcase> <!-- @BeforeMethod launchWebApplication -->
  <testcase classname="Explore_Products_Tab.VerifyAccountsOption" name="@AfterMethod logOutFromApplication" time="-1.679889178292E9">
    <skipped/>
  </testcase> <!-- @AfterMethod logOutFromApplication -->
  <testcase classname="Explore_Products_Tab.VerifyAccountsOption" name="@BeforeMethod launchWebApplication" time="-1.679889178296E9">
    <skipped/>
  </testcase> <!-- @BeforeMethod launchWebApplication -->
  <testcase classname="Explore_Products_Tab.VerifyAccountsOption" name="@AfterMethod logOutFromApplication" time="-1.679889178317E9">
    <skipped/>
  </testcase> <!-- @AfterMethod logOutFromApplication -->
  <testcase classname="Explore_Products_Tab.VerifyAccountsOption" name="@BeforeMethod launchWebApplication" time="-1.67988917832E9">
    <skipped/>
  </testcase> <!-- @BeforeMethod launchWebApplication -->
  <testcase classname="Explore_Products_Tab.VerifyAccountsOption" name="@AfterMethod logOutFromApplication" time="-1.679889178338E9">
    <skipped/>
  </testcase> <!-- @AfterMethod logOutFromApplication -->
  <testcase classname="Explore_Products_Tab.VerifyAccountsOption" name="@AfterClass clearObject" time="-1.679889178342E9">
    <skipped/>
  </testcase> <!-- @AfterClass clearObject -->
  <testcase classname="Explore_Products_Tab.VerifyAccountsOption" name="@AfterTest closedTheBrowser" time="-1.679889178354E9">
    <skipped/>
  </testcase> <!-- @AfterTest closedTheBrowser -->
  <testcase classname="Explore_Products_Tab.VerifyDepositsOption" name="@AfterTest closedTheBrowser" time="-1.679889178357E9">
    <skipped/>
  </testcase> <!-- @AfterTest closedTheBrowser -->
  <testcase classname="Home_Page.VerifyExploreProductTab" name="@AfterTest closedTheBrowser" time="-1.679889178358E9">
    <skipped/>
  </testcase> <!-- @AfterTest closedTheBrowser -->
  <testcase classname="Explore_Products_Tab.VerifyDepositsOption" name="verifyAllTheOptionPresentInDepositsOption" time="0.0">
    <skipped/>
  </testcase> <!-- verifyAllTheOptionPresentInDepositsOption -->
  <testcase classname="Explore_Products_Tab.VerifyDepositsOption" name="verifyTheDigitalFixedDepositOptionPresentInDepositsOption" time="0.0">
    <skipped/>
  </testcase> <!-- verifyTheDigitalFixedDepositOptionPresentInDepositsOption -->
  <testcase classname="Explore_Products_Tab.VerifyDepositsOption" name="verifyTheFixedDepositsOptionPresentInDepositsOption" time="0.0">
    <skipped/>
  </testcase> <!-- verifyTheFixedDepositsOptionPresentInDepositsOption -->
  <testcase classname="Explore_Products_Tab.VerifyDepositsOption" name="verifyTheRecurringDepositsOptionPresentInDepositsOption" time="0.0">
    <skipped/>
  </testcase> <!-- verifyTheRecurringDepositsOptionPresentInDepositsOption -->
  <testcase classname="Explore_Products_Tab.VerifyDepositsOption" name="verifyTheTaxSaverFixedDepositOptionPresentInDepositsOption" time="0.0">
    <skipped/>
  </testcase> <!-- verifyTheTaxSaverFixedDepositOptionPresentInDepositsOption -->
  <testcase classname="Explore_Products_Tab.VerifyDepositsOption" name="verifyTheFixedDepositPlusOptionPresentInDepositsOption" time="0.0">
    <skipped/>
  </testcase> <!-- verifyTheFixedDepositPlusOptionPresentInDepositsOption -->
  <testcase classname="Explore_Products_Tab.VerifyDepositsOption" name="verifyTheAutoFixedDepositOptionPresentInDepositsOption" time="0.0">
    <skipped/>
  </testcase> <!-- verifyTheAutoFixedDepositOptionPresentInDepositsOption -->
  <testcase classname="Home_Page.VerifyExploreProductTab" name="verifyAllTheOptionsPresentInExploreProductTab" time="0.0">
    <skipped/>
  </testcase> <!-- verifyAllTheOptionsPresentInExploreProductTab -->
  <testcase classname="Home_Page.VerifyExploreProductTab" name="verifyTheTableNamePresentInExploreProductTab" time="0.0">
    <skipped/>
  </testcase> <!-- verifyTheTableNamePresentInExploreProductTab -->
  <testcase classname="Explore_Products_Tab.VerifyAccountsOption" name="verifyAllTheOptionsPresentInAccountsOption" time="13.796"/>
  <testcase classname="Explore_Products_Tab.VerifyAccountsOption" name="verifyTheSavingAccountOptionPresentInAccountsOption" time="0.0">
    <skipped/>
  </testcase> <!-- verifyTheSavingAccountOptionPresentInAccountsOption -->
  <testcase classname="Explore_Products_Tab.VerifyAccountsOption" name="verifyTheSilverLiningsProgramOptionPresentInAccountsOption" time="0.0">
    <skipped/>
  </testcase> <!-- verifyTheSilverLiningsProgramOptionPresentInAccountsOption -->
  <testcase classname="Explore_Products_Tab.VerifyAccountsOption" name="verifyTheSalaryAccountOptionPresentInAccountsOption" time="0.0">
    <skipped/>
  </testcase> <!-- verifyTheSalaryAccountOptionPresentInAccountsOption -->
  <testcase classname="Explore_Products_Tab.VerifyAccountsOption" name="verifyTheTrustNgoSavingsAccountOptionPresentInAccountsOption" time="0.0">
    <skipped/>
  </testcase> <!-- verifyTheTrustNgoSavingsAccountOptionPresentInAccountsOption -->
  <testcase classname="Explore_Products_Tab.VerifyAccountsOption" name="verifyThePensionDisbursementAccountOptionPresentInAccountsOption" time="0.0">
    <skipped/>
  </testcase> <!-- verifyThePensionDisbursementAccountOptionPresentInAccountsOption -->
  <testcase classname="Explore_Products_Tab.VerifyAccountsOption" name="verifyThePublicProvidentFundOptionPresentInAccountsOption" time="0.0">
    <skipped/>
  </testcase> <!-- verifyThePublicProvidentFundOptionPresentInAccountsOption -->
  <testcase classname="Explore_Products_Tab.VerifyAccountsOption" name="verifyThePMJDYOptionPresentInAccountsOption" time="0.0">
    <skipped/>
  </testcase> <!-- verifyThePMJDYOptionPresentInAccountsOption -->
  <testcase classname="Explore_Products_Tab.VerifyAccountsOption" name="verifyTheSafeDepositLockerOptionPresentInAccountsOption" time="0.0">
    <skipped/>
  </testcase> <!-- verifyTheSafeDepositLockerOptionPresentInAccountsOption -->
  <testcase classname="Explore_Products_Tab.VerifyAccountsOption" name="verifyTheSafeCustodyOptionPresentInAccountsOption" time="0.0">
    <skipped/>
  </testcase> <!-- verifyTheSafeCustodyOptionPresentInAccountsOption -->
  <testcase classname="Explore_Products_Tab.VerifyAccountsOption" name="verifyTheCurrentAccountOptionPresentInAccountsOption" time="0.0">
    <skipped/>
  </testcase> <!-- verifyTheCurrentAccountOptionPresentInAccountsOption -->
  <testcase classname="Explore_Products_Tab.VerifyAccountsOption" name="verifyTheAxisDirectInvestAccountOptionPresentInAccountsOption" time="0.0">
    <skipped/>
  </testcase> <!-- verifyTheAxisDirectInvestAccountOptionPresentInAccountsOption -->
  <testcase classname="Explore_Products_Tab.VerifyAccountsOption" name="verifyTheAxisActiveOptionPresentInAccountsOption" time="0.0">
    <skipped/>
  </testcase> <!-- verifyTheAxisActiveOptionPresentInAccountsOption -->
</testsuite> <!-- EdgeTest -->
