<?xml version="1.0" encoding="UTF-8"?>
<!-- Generated by org.testng.reporters.JUnitXMLReporter -->
<testsuite ignored="0" hostname="DESKTOP-FTIU28S" failures="13" tests="22" name="FirefoxTest" time="294.634" errors="0" timestamp="2023-03-29T09:23:55 IST">
  <testcase classname="Explore_Products_Tab.VerifyDepositsOption" name="verifyAllTheOptionPresentInDepositsOption" time="1.463"/>
  <testcase classname="Explore_Products_Tab.VerifyAccountsOption" name="verifyAllTheOptionsPresentInAccountsOption" time="2.309"/>
  <testcase classname="Home_Page.VerifyExploreProductTab" name="verifyAllTheOptionsPresentInExploreProductTab" time="14.96"/>
  <testcase classname="Explore_Products_Tab.VerifyAccountsOption" name="verifyTheSavingAccountOptionPresentInAccountsOption" time="8.532">
    <failure type="java.lang.AssertionError" message="The following asserts failed:
	expected [https://www.axisbank.com/retail/accounts/savings-account] but found [https://www.axisbank.com/]">
      <![CDATA[java.lang.AssertionError: The following asserts failed:
expected [https://www.axisbank.com/retail/accounts/savings-account] but found [https://www.axisbank.com/]
at Explore_Products_Tab.VerifyAccountsOption.verifyTheSavingAccountOptionPresentInAccountsOption(VerifyAccountsOption.java:140)
at java.base/java.util.concurrent.ThreadPoolExecutor.runWorker(ThreadPoolExecutor.java:1136)
at java.base/java.util.concurrent.ThreadPoolExecutor$Worker.run(ThreadPoolExecutor.java:635)
at java.base/java.lang.Thread.run(Thread.java:833)
... Removed 14 stack frames]]>
    </failure>
  </testcase> <!-- verifyTheSavingAccountOptionPresentInAccountsOption -->
  <testcase classname="Home_Page.VerifyExploreProductTab" name="verifyTheTableNamePresentInExploreProductTab" time="0.163">
    <failure type="java.lang.AssertionError" message="The following asserts failed:
	expected [Retail] but found [],
	expected [Agri and Rural] but found []">
      <![CDATA[java.lang.AssertionError: The following asserts failed:
expected [Retail] but found [],
expected [Agri and Rural] but found []
at Home_Page.VerifyExploreProductTab.verifyTheTableNamePresentInExploreProductTab(VerifyExploreProductTab.java:83)
at java.base/java.util.concurrent.ThreadPoolExecutor.runWorker(ThreadPoolExecutor.java:1136)
at java.base/java.util.concurrent.ThreadPoolExecutor$Worker.run(ThreadPoolExecutor.java:635)
at java.base/java.lang.Thread.run(Thread.java:833)
... Removed 14 stack frames]]>
    </failure>
  </testcase> <!-- verifyTheTableNamePresentInExploreProductTab -->
  <testcase classname="Explore_Products_Tab.VerifyAccountsOption" name="verifyTheSilverLiningsProgramOptionPresentInAccountsOption" time="5.649">
    <failure type="java.lang.AssertionError" message="The following asserts failed:
	expected [https://www.axisbank.com/retail/accounts/savings-account] but found [https://www.axisbank.com/],
	expected [https://www.axisbank.com/silver-linings-program?cta=homepage-main-menu-silver-linings-program] but found [https://www.axisbank.com/]">
      <![CDATA[java.lang.AssertionError: The following asserts failed:
expected [https://www.axisbank.com/retail/accounts/savings-account] but found [https://www.axisbank.com/],
expected [https://www.axisbank.com/silver-linings-program?cta=homepage-main-menu-silver-linings-program] but found [https://www.axisbank.com/]
at Explore_Products_Tab.VerifyAccountsOption.verifyTheSilverLiningsProgramOptionPresentInAccountsOption(VerifyAccountsOption.java:154)
at java.base/java.util.concurrent.ThreadPoolExecutor.runWorker(ThreadPoolExecutor.java:1136)
at java.base/java.util.concurrent.ThreadPoolExecutor$Worker.run(ThreadPoolExecutor.java:635)
at java.base/java.lang.Thread.run(Thread.java:833)
... Removed 14 stack frames]]>
    </failure>
  </testcase> <!-- verifyTheSilverLiningsProgramOptionPresentInAccountsOption -->
  <testcase classname="Explore_Products_Tab.VerifyDepositsOption" name="verifyTheDigitalFixedDepositOptionPresentInDepositsOption" time="6.639"/>
  <testcase classname="Explore_Products_Tab.VerifyAccountsOption" name="verifyTheSalaryAccountOptionPresentInAccountsOption" time="8.041">
    <failure type="java.lang.AssertionError" message="The following asserts failed:
	expected [https://www.axisbank.com/retail/accounts/savings-account] but found [https://www.axisbank.com/],
	expected [https://www.axisbank.com/silver-linings-program?cta=homepage-main-menu-silver-linings-program] but found [https://www.axisbank.com/]">
      <![CDATA[java.lang.AssertionError: The following asserts failed:
expected [https://www.axisbank.com/retail/accounts/savings-account] but found [https://www.axisbank.com/],
expected [https://www.axisbank.com/silver-linings-program?cta=homepage-main-menu-silver-linings-program] but found [https://www.axisbank.com/]
at Explore_Products_Tab.VerifyAccountsOption.verifyTheSalaryAccountOptionPresentInAccountsOption(VerifyAccountsOption.java:169)
at java.base/java.util.concurrent.ThreadPoolExecutor.runWorker(ThreadPoolExecutor.java:1136)
at java.base/java.util.concurrent.ThreadPoolExecutor$Worker.run(ThreadPoolExecutor.java:635)
at java.base/java.lang.Thread.run(Thread.java:833)
... Removed 14 stack frames]]>
    </failure>
  </testcase> <!-- verifyTheSalaryAccountOptionPresentInAccountsOption -->
  <testcase classname="Explore_Products_Tab.VerifyAccountsOption" name="verifyTheTrustNgoSavingsAccountOptionPresentInAccountsOption" time="6.55">
    <failure type="java.lang.AssertionError" message="The following asserts failed:
	expected [https://www.axisbank.com/retail/accounts/savings-account] but found [https://www.axisbank.com/],
	expected [https://www.axisbank.com/silver-linings-program?cta=homepage-main-menu-silver-linings-program] but found [https://www.axisbank.com/],
	expected [https://www.axisbank.com/retail/accounts/trust-ngo-institutional-savings-account] but found [https://www.axisbank.com/]">
      <![CDATA[java.lang.AssertionError: The following asserts failed:
expected [https://www.axisbank.com/retail/accounts/savings-account] but found [https://www.axisbank.com/],
expected [https://www.axisbank.com/silver-linings-program?cta=homepage-main-menu-silver-linings-program] but found [https://www.axisbank.com/],
expected [https://www.axisbank.com/retail/accounts/trust-ngo-institutional-savings-account] but found [https://www.axisbank.com/]
at Explore_Products_Tab.VerifyAccountsOption.verifyTheTrustNgoSavingsAccountOptionPresentInAccountsOption(VerifyAccountsOption.java:184)
at java.base/java.util.concurrent.ThreadPoolExecutor.runWorker(ThreadPoolExecutor.java:1136)
at java.base/java.util.concurrent.ThreadPoolExecutor$Worker.run(ThreadPoolExecutor.java:635)
at java.base/java.lang.Thread.run(Thread.java:833)
... Removed 14 stack frames]]>
    </failure>
  </testcase> <!-- verifyTheTrustNgoSavingsAccountOptionPresentInAccountsOption -->
  <testcase classname="Explore_Products_Tab.VerifyDepositsOption" name="verifyTheFixedDepositsOptionPresentInDepositsOption" time="4.309"/>
  <testcase classname="Explore_Products_Tab.VerifyDepositsOption" name="verifyTheRecurringDepositsOptionPresentInDepositsOption" time="5.809"/>
  <testcase classname="Explore_Products_Tab.VerifyAccountsOption" name="verifyThePensionDisbursementAccountOptionPresentInAccountsOption" time="8.156">
    <failure type="java.lang.AssertionError" message="The following asserts failed:
	expected [https://www.axisbank.com/retail/accounts/savings-account] but found [https://www.axisbank.com/],
	expected [https://www.axisbank.com/silver-linings-program?cta=homepage-main-menu-silver-linings-program] but found [https://www.axisbank.com/],
	expected [https://www.axisbank.com/retail/accounts/trust-ngo-institutional-savings-account] but found [https://www.axisbank.com/],
	expected [https://www.axisbank.com/retail/accounts/pension-disbursement-account] but found [https://www.axisbank.com/]">
      <![CDATA[java.lang.AssertionError: The following asserts failed:
expected [https://www.axisbank.com/retail/accounts/savings-account] but found [https://www.axisbank.com/],
expected [https://www.axisbank.com/silver-linings-program?cta=homepage-main-menu-silver-linings-program] but found [https://www.axisbank.com/],
expected [https://www.axisbank.com/retail/accounts/trust-ngo-institutional-savings-account] but found [https://www.axisbank.com/],
expected [https://www.axisbank.com/retail/accounts/pension-disbursement-account] but found [https://www.axisbank.com/]
at Explore_Products_Tab.VerifyAccountsOption.verifyThePensionDisbursementAccountOptionPresentInAccountsOption(VerifyAccountsOption.java:281)
at java.base/java.util.concurrent.ThreadPoolExecutor.runWorker(ThreadPoolExecutor.java:1136)
at java.base/java.util.concurrent.ThreadPoolExecutor$Worker.run(ThreadPoolExecutor.java:635)
at java.base/java.lang.Thread.run(Thread.java:833)
... Removed 14 stack frames]]>
    </failure>
  </testcase> <!-- verifyThePensionDisbursementAccountOptionPresentInAccountsOption -->
  <testcase classname="Explore_Products_Tab.VerifyDepositsOption" name="verifyTheTaxSaverFixedDepositOptionPresentInDepositsOption" time="5.61"/>
  <testcase classname="Explore_Products_Tab.VerifyAccountsOption" name="verifyThePublicProvidentFundOptionPresentInAccountsOption" time="6.637">
    <failure type="java.lang.AssertionError" message="The following asserts failed:
	expected [https://www.axisbank.com/retail/accounts/savings-account] but found [https://www.axisbank.com/],
	expected [https://www.axisbank.com/silver-linings-program?cta=homepage-main-menu-silver-linings-program] but found [https://www.axisbank.com/],
	expected [https://www.axisbank.com/retail/accounts/trust-ngo-institutional-savings-account] but found [https://www.axisbank.com/],
	expected [https://www.axisbank.com/retail/accounts/pension-disbursement-account] but found [https://www.axisbank.com/]">
      <![CDATA[java.lang.AssertionError: The following asserts failed:
expected [https://www.axisbank.com/retail/accounts/savings-account] but found [https://www.axisbank.com/],
expected [https://www.axisbank.com/silver-linings-program?cta=homepage-main-menu-silver-linings-program] but found [https://www.axisbank.com/],
expected [https://www.axisbank.com/retail/accounts/trust-ngo-institutional-savings-account] but found [https://www.axisbank.com/],
expected [https://www.axisbank.com/retail/accounts/pension-disbursement-account] but found [https://www.axisbank.com/]
at Explore_Products_Tab.VerifyAccountsOption.verifyThePublicProvidentFundOptionPresentInAccountsOption(VerifyAccountsOption.java:216)
at java.base/java.util.concurrent.ThreadPoolExecutor.runWorker(ThreadPoolExecutor.java:1136)
at java.base/java.util.concurrent.ThreadPoolExecutor$Worker.run(ThreadPoolExecutor.java:635)
at java.base/java.lang.Thread.run(Thread.java:833)
... Removed 14 stack frames]]>
    </failure>
  </testcase> <!-- verifyThePublicProvidentFundOptionPresentInAccountsOption -->
  <testcase classname="Explore_Products_Tab.VerifyDepositsOption" name="verifyTheFixedDepositPlusOptionPresentInDepositsOption" time="9.102"/>
  <testcase classname="Explore_Products_Tab.VerifyAccountsOption" name="verifyThePMJDYOptionPresentInAccountsOption" time="4.149">
    <failure type="java.lang.AssertionError" message="The following asserts failed:
	expected [https://www.axisbank.com/retail/accounts/savings-account] but found [https://www.axisbank.com/],
	expected [https://www.axisbank.com/silver-linings-program?cta=homepage-main-menu-silver-linings-program] but found [https://www.axisbank.com/],
	expected [https://www.axisbank.com/retail/accounts/trust-ngo-institutional-savings-account] but found [https://www.axisbank.com/],
	expected [https://www.axisbank.com/retail/accounts/pension-disbursement-account] but found [https://www.axisbank.com/]">
      <![CDATA[java.lang.AssertionError: The following asserts failed:
expected [https://www.axisbank.com/retail/accounts/savings-account] but found [https://www.axisbank.com/],
expected [https://www.axisbank.com/silver-linings-program?cta=homepage-main-menu-silver-linings-program] but found [https://www.axisbank.com/],
expected [https://www.axisbank.com/retail/accounts/trust-ngo-institutional-savings-account] but found [https://www.axisbank.com/],
expected [https://www.axisbank.com/retail/accounts/pension-disbursement-account] but found [https://www.axisbank.com/]
at Explore_Products_Tab.VerifyAccountsOption.verifyThePMJDYOptionPresentInAccountsOption(VerifyAccountsOption.java:313)
at java.base/java.util.concurrent.ThreadPoolExecutor.runWorker(ThreadPoolExecutor.java:1136)
at java.base/java.util.concurrent.ThreadPoolExecutor$Worker.run(ThreadPoolExecutor.java:635)
at java.base/java.lang.Thread.run(Thread.java:833)
... Removed 14 stack frames]]>
    </failure>
  </testcase> <!-- verifyThePMJDYOptionPresentInAccountsOption -->
  <testcase classname="Explore_Products_Tab.VerifyDepositsOption" name="verifyTheAutoFixedDepositOptionPresentInDepositsOption" time="4.1"/>
  <testcase classname="Explore_Products_Tab.VerifyAccountsOption" name="verifyTheSafeDepositLockerOptionPresentInAccountsOption" time="5.296">
    <failure type="java.lang.AssertionError" message="The following asserts failed:
	expected [https://www.axisbank.com/retail/accounts/savings-account] but found [https://www.axisbank.com/],
	expected [https://www.axisbank.com/silver-linings-program?cta=homepage-main-menu-silver-linings-program] but found [https://www.axisbank.com/],
	expected [https://www.axisbank.com/retail/accounts/trust-ngo-institutional-savings-account] but found [https://www.axisbank.com/],
	expected [https://www.axisbank.com/retail/accounts/pension-disbursement-account] but found [https://www.axisbank.com/]">
      <![CDATA[java.lang.AssertionError: The following asserts failed:
expected [https://www.axisbank.com/retail/accounts/savings-account] but found [https://www.axisbank.com/],
expected [https://www.axisbank.com/silver-linings-program?cta=homepage-main-menu-silver-linings-program] but found [https://www.axisbank.com/],
expected [https://www.axisbank.com/retail/accounts/trust-ngo-institutional-savings-account] but found [https://www.axisbank.com/],
expected [https://www.axisbank.com/retail/accounts/pension-disbursement-account] but found [https://www.axisbank.com/]
at Explore_Products_Tab.VerifyAccountsOption.verifyTheSafeDepositLockerOptionPresentInAccountsOption(VerifyAccountsOption.java:251)
at java.base/java.util.concurrent.ThreadPoolExecutor.runWorker(ThreadPoolExecutor.java:1136)
at java.base/java.util.concurrent.ThreadPoolExecutor$Worker.run(ThreadPoolExecutor.java:635)
at java.base/java.lang.Thread.run(Thread.java:833)
... Removed 14 stack frames]]>
    </failure>
  </testcase> <!-- verifyTheSafeDepositLockerOptionPresentInAccountsOption -->
  <testcase classname="Explore_Products_Tab.VerifyAccountsOption" name="verifyTheSafeCustodyOptionPresentInAccountsOption" time="5.898">
    <failure type="java.lang.AssertionError" message="The following asserts failed:
	expected [https://www.axisbank.com/retail/accounts/savings-account] but found [https://www.axisbank.com/],
	expected [https://www.axisbank.com/silver-linings-program?cta=homepage-main-menu-silver-linings-program] but found [https://www.axisbank.com/],
	expected [https://www.axisbank.com/retail/accounts/trust-ngo-institutional-savings-account] but found [https://www.axisbank.com/],
	expected [https://www.axisbank.com/retail/accounts/pension-disbursement-account] but found [https://www.axisbank.com/],
	expected [https://www.axisbank.com/retail/accounts/safe-custody] but found [https://www.axisbank.com/]">
      <![CDATA[java.lang.AssertionError: The following asserts failed:
expected [https://www.axisbank.com/retail/accounts/savings-account] but found [https://www.axisbank.com/],
expected [https://www.axisbank.com/silver-linings-program?cta=homepage-main-menu-silver-linings-program] but found [https://www.axisbank.com/],
expected [https://www.axisbank.com/retail/accounts/trust-ngo-institutional-savings-account] but found [https://www.axisbank.com/],
expected [https://www.axisbank.com/retail/accounts/pension-disbursement-account] but found [https://www.axisbank.com/],
expected [https://www.axisbank.com/retail/accounts/safe-custody] but found [https://www.axisbank.com/]
at Explore_Products_Tab.VerifyAccountsOption.verifyTheSafeCustodyOptionPresentInAccountsOption(VerifyAccountsOption.java:266)
at java.base/java.util.concurrent.ThreadPoolExecutor.runWorker(ThreadPoolExecutor.java:1136)
at java.base/java.util.concurrent.ThreadPoolExecutor$Worker.run(ThreadPoolExecutor.java:635)
at java.base/java.lang.Thread.run(Thread.java:833)
... Removed 14 stack frames]]>
    </failure>
  </testcase> <!-- verifyTheSafeCustodyOptionPresentInAccountsOption -->
  <testcase classname="Explore_Products_Tab.VerifyAccountsOption" name="verifyTheCurrentAccountOptionPresentInAccountsOption" time="5.74">
    <failure type="java.lang.AssertionError" message="The following asserts failed:
	expected [https://www.axisbank.com/retail/accounts/savings-account] but found [https://www.axisbank.com/],
	expected [https://www.axisbank.com/silver-linings-program?cta=homepage-main-menu-silver-linings-program] but found [https://www.axisbank.com/],
	expected [https://www.axisbank.com/retail/accounts/trust-ngo-institutional-savings-account] but found [https://www.axisbank.com/],
	expected [https://www.axisbank.com/retail/accounts/pension-disbursement-account] but found [https://www.axisbank.com/],
	expected [https://www.axisbank.com/retail/accounts/safe-custody] but found [https://www.axisbank.com/]">
      <![CDATA[java.lang.AssertionError: The following asserts failed:
expected [https://www.axisbank.com/retail/accounts/savings-account] but found [https://www.axisbank.com/],
expected [https://www.axisbank.com/silver-linings-program?cta=homepage-main-menu-silver-linings-program] but found [https://www.axisbank.com/],
expected [https://www.axisbank.com/retail/accounts/trust-ngo-institutional-savings-account] but found [https://www.axisbank.com/],
expected [https://www.axisbank.com/retail/accounts/pension-disbursement-account] but found [https://www.axisbank.com/],
expected [https://www.axisbank.com/retail/accounts/safe-custody] but found [https://www.axisbank.com/]
at Explore_Products_Tab.VerifyAccountsOption.verifyTheCurrentAccountOptionPresentInAccountsOption(VerifyAccountsOption.java:201)
at java.base/java.util.concurrent.ThreadPoolExecutor.runWorker(ThreadPoolExecutor.java:1136)
at java.base/java.util.concurrent.ThreadPoolExecutor$Worker.run(ThreadPoolExecutor.java:635)
at java.base/java.lang.Thread.run(Thread.java:833)
... Removed 14 stack frames]]>
    </failure>
  </testcase> <!-- verifyTheCurrentAccountOptionPresentInAccountsOption -->
  <testcase classname="Explore_Products_Tab.VerifyAccountsOption" name="verifyTheAxisDirectInvestAccountOptionPresentInAccountsOption" time="0.732">
    <failure type="java.lang.AssertionError" message="The following asserts failed:
	expected [https://www.axisbank.com/retail/accounts/savings-account] but found [https://www.axisbank.com/],
	expected [https://www.axisbank.com/silver-linings-program?cta=homepage-main-menu-silver-linings-program] but found [https://www.axisbank.com/],
	expected [https://www.axisbank.com/retail/accounts/trust-ngo-institutional-savings-account] but found [https://www.axisbank.com/],
	expected [https://www.axisbank.com/retail/accounts/pension-disbursement-account] but found [https://www.axisbank.com/],
	expected [https://www.axisbank.com/retail/accounts/safe-custody] but found [https://www.axisbank.com/],
	expected [https://digitalaccount.axisdirect.in/register] but found [about:blank]">
      <![CDATA[java.lang.AssertionError: The following asserts failed:
expected [https://www.axisbank.com/retail/accounts/savings-account] but found [https://www.axisbank.com/],
expected [https://www.axisbank.com/silver-linings-program?cta=homepage-main-menu-silver-linings-program] but found [https://www.axisbank.com/],
expected [https://www.axisbank.com/retail/accounts/trust-ngo-institutional-savings-account] but found [https://www.axisbank.com/],
expected [https://www.axisbank.com/retail/accounts/pension-disbursement-account] but found [https://www.axisbank.com/],
expected [https://www.axisbank.com/retail/accounts/safe-custody] but found [https://www.axisbank.com/],
expected [https://digitalaccount.axisdirect.in/register] but found [about:blank]
at Explore_Products_Tab.VerifyAccountsOption.verifyTheAxisDirectInvestAccountOptionPresentInAccountsOption(VerifyAccountsOption.java:236)
at java.base/java.util.concurrent.ThreadPoolExecutor.runWorker(ThreadPoolExecutor.java:1136)
at java.base/java.util.concurrent.ThreadPoolExecutor$Worker.run(ThreadPoolExecutor.java:635)
at java.base/java.lang.Thread.run(Thread.java:833)
... Removed 14 stack frames]]>
    </failure>
  </testcase> <!-- verifyTheAxisDirectInvestAccountOptionPresentInAccountsOption -->
  <testcase classname="Explore_Products_Tab.VerifyAccountsOption" name="verifyTheAxisActiveOptionPresentInAccountsOption" time="7.29">
    <failure type="java.lang.AssertionError" message="The following asserts failed:
	expected [https://www.axisbank.com/retail/accounts/savings-account] but found [https://www.axisbank.com/],
	expected [https://www.axisbank.com/silver-linings-program?cta=homepage-main-menu-silver-linings-program] but found [https://www.axisbank.com/],
	expected [https://www.axisbank.com/retail/accounts/trust-ngo-institutional-savings-account] but found [https://www.axisbank.com/],
	expected [https://www.axisbank.com/retail/accounts/pension-disbursement-account] but found [https://www.axisbank.com/],
	expected [https://www.axisbank.com/retail/accounts/safe-custody] but found [https://www.axisbank.com/],
	expected [https://digitalaccount.axisdirect.in/register] but found [about:blank],
	expected [https://www.axisbank.com/axisactive/index] but found [https://www.axisbank.com/]">
      <![CDATA[java.lang.AssertionError: The following asserts failed:
expected [https://www.axisbank.com/retail/accounts/savings-account] but found [https://www.axisbank.com/],
expected [https://www.axisbank.com/silver-linings-program?cta=homepage-main-menu-silver-linings-program] but found [https://www.axisbank.com/],
expected [https://www.axisbank.com/retail/accounts/trust-ngo-institutional-savings-account] but found [https://www.axisbank.com/],
expected [https://www.axisbank.com/retail/accounts/pension-disbursement-account] but found [https://www.axisbank.com/],
expected [https://www.axisbank.com/retail/accounts/safe-custody] but found [https://www.axisbank.com/],
expected [https://digitalaccount.axisdirect.in/register] but found [about:blank],
expected [https://www.axisbank.com/axisactive/index] but found [https://www.axisbank.com/]
at Explore_Products_Tab.VerifyAccountsOption.verifyTheAxisActiveOptionPresentInAccountsOption(VerifyAccountsOption.java:298)
at java.base/java.util.concurrent.ThreadPoolExecutor.runWorker(ThreadPoolExecutor.java:1136)
at java.base/java.util.concurrent.ThreadPoolExecutor$Worker.run(ThreadPoolExecutor.java:635)
at java.base/java.lang.Thread.run(Thread.java:833)
... Removed 14 stack frames]]>
    </failure>
  </testcase> <!-- verifyTheAxisActiveOptionPresentInAccountsOption -->
</testsuite> <!-- FirefoxTest -->
