<html>
<head>
<title>TestNG:  FirefoxTest</title>
<link href="../testng.css" rel="stylesheet" type="text/css" />
<link href="../my-testng.css" rel="stylesheet" type="text/css" />

<style type="text/css">
.log { display: none;} 
.stack-trace { display: none;} 
</style>
<script type="text/javascript">
<!--
function flip(e) {
  current = e.style.display;
  if (current == 'block') {
    e.style.display = 'none';
    return 0;
  }
  else {
    e.style.display = 'block';
    return 1;
  }
}

function toggleBox(szDivId, elem, msg1, msg2)
{
  var res = -1;  if (document.getElementById) {
    res = flip(document.getElementById(szDivId));
  }
  else if (document.all) {
    // this is the way old msie versions work
    res = flip(document.all[szDivId]);
  }
  if(elem) {
    if(res == 0) elem.innerHTML = msg1; else elem.innerHTML = msg2;
  }

}

function toggleAllBoxes() {
  if (document.getElementsByTagName) {
    d = document.getElementsByTagName('div');
    for (i = 0; i < d.length; i++) {
      if (d[i].className == 'log') {
        flip(d[i]);
      }
    }
  }
}

// -->
</script>

</head>
<body>
<h2 align='center'>FirefoxTest</h2><table border='1' align="center">
<tr>
<td>Tests passed/Failed/Skipped:</td><td>9/13/0</td>
</tr><tr>
<td>Started on:</td><td>Wed Mar 29 09:19:00 IST 2023</td>
</tr>
<tr><td>Total time:</td><td>294 seconds (294634 ms)</td>
</tr><tr>
<td>Included groups:</td><td></td>
</tr><tr>
<td>Excluded groups:</td><td></td>
</tr>
</table><p/>
<small><i>(Hover the method name to see the test class name)</i></small><p/>
<table width='100%' border='1' class='invocation-failed'>
<tr><td colspan='4' align='center'><b>FAILED TESTS</b></td></tr>
<tr><td><b>Test method</b></td>
<td width="30%"><b>Exception</b></td>
<td width="10%"><b>Time (seconds)</b></td>
<td><b>Instance</b></td>
</tr>
<tr>
<td title='Explore_Products_Tab.VerifyAccountsOption.verifyTheSalaryAccountOptionPresentInAccountsOption()'><b>verifyTheSalaryAccountOptionPresentInAccountsOption</b><br>Test class: Explore_Products_Tab.VerifyAccountsOption</td>
<td><div><pre>java.lang.AssertionError: The following asserts failed:
	expected [https://www.axisbank.com/retail/accounts/savings-account] but found [https://www.axisbank.com/],
	expected [https://www.axisbank.com/silver-linings-program?cta=homepage-main-menu-silver-linings-program] but found [https://www.axisbank.com/]
	at Explore_Products_Tab.VerifyAccountsOption.verifyTheSalaryAccountOptionPresentInAccountsOption(VerifyAccountsOption.java:169)
	at java.base/java.util.concurrent.ThreadPoolExecutor.runWorker(ThreadPoolExecutor.java:1136)
	at java.base/java.util.concurrent.ThreadPoolExecutor$Worker.run(ThreadPoolExecutor.java:635)
	at java.base/java.lang.Thread.run(Thread.java:833)
... Removed 14 stack frames</pre></div><a href='#' onClick='toggleBox("stack-trace917041129", this, "Click to show all stack frames", "Click to hide stack frames")'>Click to show all stack frames</a>
<div class='stack-trace' id='stack-trace917041129'><pre>java.lang.AssertionError: The following asserts failed:
	expected [https://www.axisbank.com/retail/accounts/savings-account] but found [https://www.axisbank.com/],
	expected [https://www.axisbank.com/silver-linings-program?cta=homepage-main-menu-silver-linings-program] but found [https://www.axisbank.com/]
	at org.testng.asserts.SoftAssert.assertAll(SoftAssert.java:47)
	at org.testng.asserts.SoftAssert.assertAll(SoftAssert.java:31)
	at Explore_Products_Tab.VerifyAccountsOption.verifyTheSalaryAccountOptionPresentInAccountsOption(VerifyAccountsOption.java:169)
	at java.base/jdk.internal.reflect.NativeMethodAccessorImpl.invoke0(Native Method)
	at java.base/jdk.internal.reflect.NativeMethodAccessorImpl.invoke(NativeMethodAccessorImpl.java:77)
	at java.base/jdk.internal.reflect.DelegatingMethodAccessorImpl.invoke(DelegatingMethodAccessorImpl.java:43)
	at java.base/java.lang.reflect.Method.invoke(Method.java:568)
	at org.testng.internal.MethodInvocationHelper.invokeMethod(MethodInvocationHelper.java:133)
	at org.testng.internal.TestInvoker.invokeMethod(TestInvoker.java:598)
	at org.testng.internal.TestInvoker.invokeTestMethod(TestInvoker.java:173)
	at org.testng.internal.MethodRunner.runInSequence(MethodRunner.java:46)
	at org.testng.internal.TestInvoker$MethodInvocationAgent.invoke(TestInvoker.java:824)
	at org.testng.internal.TestInvoker.invokeTestMethods(TestInvoker.java:146)
	at org.testng.internal.TestMethodWorker.invokeTestMethods(TestMethodWorker.java:146)
	at org.testng.internal.TestMethodWorker.run(TestMethodWorker.java:128)
	at java.base/java.util.concurrent.ThreadPoolExecutor.runWorker(ThreadPoolExecutor.java:1136)
	at java.base/java.util.concurrent.ThreadPoolExecutor$Worker.run(ThreadPoolExecutor.java:635)
	at java.base/java.lang.Thread.run(Thread.java:833)
</pre></div></td>
<td>8</td>
<td>Explore_Products_Tab.VerifyAccountsOption@209da20d</td></tr>
<tr>
<td title='Explore_Products_Tab.VerifyAccountsOption.verifyTheCurrentAccountOptionPresentInAccountsOption()'><b>verifyTheCurrentAccountOptionPresentInAccountsOption</b><br>Test class: Explore_Products_Tab.VerifyAccountsOption</td>
<td><div><pre>java.lang.AssertionError: The following asserts failed:
	expected [https://www.axisbank.com/retail/accounts/savings-account] but found [https://www.axisbank.com/],
	expected [https://www.axisbank.com/silver-linings-program?cta=homepage-main-menu-silver-linings-program] but found [https://www.axisbank.com/],
	expected [https://www.axisbank.com/retail/accounts/trust-ngo-institutional-savings-account] but found [https://www.axisbank.com/],
	expected [https://www.axisbank.com/retail/accounts/pension-disbursement-account] but found [https://www.axisbank.com/],
	expected [https://www.axisbank.com/retail/accounts/safe-custody] but found [https://www.axisbank.com/]
	at Explore_Products_Tab.VerifyAccountsOption.verifyTheCurrentAccountOptionPresentInAccountsOption(VerifyAccountsOption.java:201)
	at java.base/java.util.concurrent.ThreadPoolExecutor.runWorker(ThreadPoolExecutor.java:1136)
	at java.base/java.util.concurrent.ThreadPoolExecutor$Worker.run(ThreadPoolExecutor.java:635)
	at java.base/java.lang.Thread.run(Thread.java:833)
... Removed 14 stack frames</pre></div><a href='#' onClick='toggleBox("stack-trace1717017558", this, "Click to show all stack frames", "Click to hide stack frames")'>Click to show all stack frames</a>
<div class='stack-trace' id='stack-trace1717017558'><pre>java.lang.AssertionError: The following asserts failed:
	expected [https://www.axisbank.com/retail/accounts/savings-account] but found [https://www.axisbank.com/],
	expected [https://www.axisbank.com/silver-linings-program?cta=homepage-main-menu-silver-linings-program] but found [https://www.axisbank.com/],
	expected [https://www.axisbank.com/retail/accounts/trust-ngo-institutional-savings-account] but found [https://www.axisbank.com/],
	expected [https://www.axisbank.com/retail/accounts/pension-disbursement-account] but found [https://www.axisbank.com/],
	expected [https://www.axisbank.com/retail/accounts/safe-custody] but found [https://www.axisbank.com/]
	at org.testng.asserts.SoftAssert.assertAll(SoftAssert.java:47)
	at org.testng.asserts.SoftAssert.assertAll(SoftAssert.java:31)
	at Explore_Products_Tab.VerifyAccountsOption.verifyTheCurrentAccountOptionPresentInAccountsOption(VerifyAccountsOption.java:201)
	at java.base/jdk.internal.reflect.NativeMethodAccessorImpl.invoke0(Native Method)
	at java.base/jdk.internal.reflect.NativeMethodAccessorImpl.invoke(NativeMethodAccessorImpl.java:77)
	at java.base/jdk.internal.reflect.DelegatingMethodAccessorImpl.invoke(DelegatingMethodAccessorImpl.java:43)
	at java.base/java.lang.reflect.Method.invoke(Method.java:568)
	at org.testng.internal.MethodInvocationHelper.invokeMethod(MethodInvocationHelper.java:133)
	at org.testng.internal.TestInvoker.invokeMethod(TestInvoker.java:598)
	at org.testng.internal.TestInvoker.invokeTestMethod(TestInvoker.java:173)
	at org.testng.internal.MethodRunner.runInSequence(MethodRunner.java:46)
	at org.testng.internal.TestInvoker$MethodInvocationAgent.invoke(TestInvoker.java:824)
	at org.testng.internal.TestInvoker.invokeTestMethods(TestInvoker.java:146)
	at org.testng.internal.TestMethodWorker.invokeTestMethods(TestMethodWorker.java:146)
	at org.testng.internal.TestMethodWorker.run(TestMethodWorker.java:128)
	at java.base/java.util.concurrent.ThreadPoolExecutor.runWorker(ThreadPoolExecutor.java:1136)
	at java.base/java.util.concurrent.ThreadPoolExecutor$Worker.run(ThreadPoolExecutor.java:635)
	at java.base/java.lang.Thread.run(Thread.java:833)
</pre></div></td>
<td>5</td>
<td>Explore_Products_Tab.VerifyAccountsOption@209da20d</td></tr>
<tr>
<td title='Explore_Products_Tab.VerifyAccountsOption.verifyThePMJDYOptionPresentInAccountsOption()'><b>verifyThePMJDYOptionPresentInAccountsOption</b><br>Test class: Explore_Products_Tab.VerifyAccountsOption</td>
<td><div><pre>java.lang.AssertionError: The following asserts failed:
	expected [https://www.axisbank.com/retail/accounts/savings-account] but found [https://www.axisbank.com/],
	expected [https://www.axisbank.com/silver-linings-program?cta=homepage-main-menu-silver-linings-program] but found [https://www.axisbank.com/],
	expected [https://www.axisbank.com/retail/accounts/trust-ngo-institutional-savings-account] but found [https://www.axisbank.com/],
	expected [https://www.axisbank.com/retail/accounts/pension-disbursement-account] but found [https://www.axisbank.com/]
	at Explore_Products_Tab.VerifyAccountsOption.verifyThePMJDYOptionPresentInAccountsOption(VerifyAccountsOption.java:313)
	at java.base/java.util.concurrent.ThreadPoolExecutor.runWorker(ThreadPoolExecutor.java:1136)
	at java.base/java.util.concurrent.ThreadPoolExecutor$Worker.run(ThreadPoolExecutor.java:635)
	at java.base/java.lang.Thread.run(Thread.java:833)
... Removed 14 stack frames</pre></div><a href='#' onClick='toggleBox("stack-trace861746968", this, "Click to show all stack frames", "Click to hide stack frames")'>Click to show all stack frames</a>
<div class='stack-trace' id='stack-trace861746968'><pre>java.lang.AssertionError: The following asserts failed:
	expected [https://www.axisbank.com/retail/accounts/savings-account] but found [https://www.axisbank.com/],
	expected [https://www.axisbank.com/silver-linings-program?cta=homepage-main-menu-silver-linings-program] but found [https://www.axisbank.com/],
	expected [https://www.axisbank.com/retail/accounts/trust-ngo-institutional-savings-account] but found [https://www.axisbank.com/],
	expected [https://www.axisbank.com/retail/accounts/pension-disbursement-account] but found [https://www.axisbank.com/]
	at org.testng.asserts.SoftAssert.assertAll(SoftAssert.java:47)
	at org.testng.asserts.SoftAssert.assertAll(SoftAssert.java:31)
	at Explore_Products_Tab.VerifyAccountsOption.verifyThePMJDYOptionPresentInAccountsOption(VerifyAccountsOption.java:313)
	at java.base/jdk.internal.reflect.NativeMethodAccessorImpl.invoke0(Native Method)
	at java.base/jdk.internal.reflect.NativeMethodAccessorImpl.invoke(NativeMethodAccessorImpl.java:77)
	at java.base/jdk.internal.reflect.DelegatingMethodAccessorImpl.invoke(DelegatingMethodAccessorImpl.java:43)
	at java.base/java.lang.reflect.Method.invoke(Method.java:568)
	at org.testng.internal.MethodInvocationHelper.invokeMethod(MethodInvocationHelper.java:133)
	at org.testng.internal.TestInvoker.invokeMethod(TestInvoker.java:598)
	at org.testng.internal.TestInvoker.invokeTestMethod(TestInvoker.java:173)
	at org.testng.internal.MethodRunner.runInSequence(MethodRunner.java:46)
	at org.testng.internal.TestInvoker$MethodInvocationAgent.invoke(TestInvoker.java:824)
	at org.testng.internal.TestInvoker.invokeTestMethods(TestInvoker.java:146)
	at org.testng.internal.TestMethodWorker.invokeTestMethods(TestMethodWorker.java:146)
	at org.testng.internal.TestMethodWorker.run(TestMethodWorker.java:128)
	at java.base/java.util.concurrent.ThreadPoolExecutor.runWorker(ThreadPoolExecutor.java:1136)
	at java.base/java.util.concurrent.ThreadPoolExecutor$Worker.run(ThreadPoolExecutor.java:635)
	at java.base/java.lang.Thread.run(Thread.java:833)
</pre></div></td>
<td>4</td>
<td>Explore_Products_Tab.VerifyAccountsOption@209da20d</td></tr>
<tr>
<td title='Explore_Products_Tab.VerifyAccountsOption.verifyTheSafeCustodyOptionPresentInAccountsOption()'><b>verifyTheSafeCustodyOptionPresentInAccountsOption</b><br>Test class: Explore_Products_Tab.VerifyAccountsOption</td>
<td><div><pre>java.lang.AssertionError: The following asserts failed:
	expected [https://www.axisbank.com/retail/accounts/savings-account] but found [https://www.axisbank.com/],
	expected [https://www.axisbank.com/silver-linings-program?cta=homepage-main-menu-silver-linings-program] but found [https://www.axisbank.com/],
	expected [https://www.axisbank.com/retail/accounts/trust-ngo-institutional-savings-account] but found [https://www.axisbank.com/],
	expected [https://www.axisbank.com/retail/accounts/pension-disbursement-account] but found [https://www.axisbank.com/],
	expected [https://www.axisbank.com/retail/accounts/safe-custody] but found [https://www.axisbank.com/]
	at Explore_Products_Tab.VerifyAccountsOption.verifyTheSafeCustodyOptionPresentInAccountsOption(VerifyAccountsOption.java:266)
	at java.base/java.util.concurrent.ThreadPoolExecutor.runWorker(ThreadPoolExecutor.java:1136)
	at java.base/java.util.concurrent.ThreadPoolExecutor$Worker.run(ThreadPoolExecutor.java:635)
	at java.base/java.lang.Thread.run(Thread.java:833)
... Removed 14 stack frames</pre></div><a href='#' onClick='toggleBox("stack-trace634526967", this, "Click to show all stack frames", "Click to hide stack frames")'>Click to show all stack frames</a>
<div class='stack-trace' id='stack-trace634526967'><pre>java.lang.AssertionError: The following asserts failed:
	expected [https://www.axisbank.com/retail/accounts/savings-account] but found [https://www.axisbank.com/],
	expected [https://www.axisbank.com/silver-linings-program?cta=homepage-main-menu-silver-linings-program] but found [https://www.axisbank.com/],
	expected [https://www.axisbank.com/retail/accounts/trust-ngo-institutional-savings-account] but found [https://www.axisbank.com/],
	expected [https://www.axisbank.com/retail/accounts/pension-disbursement-account] but found [https://www.axisbank.com/],
	expected [https://www.axisbank.com/retail/accounts/safe-custody] but found [https://www.axisbank.com/]
	at org.testng.asserts.SoftAssert.assertAll(SoftAssert.java:47)
	at org.testng.asserts.SoftAssert.assertAll(SoftAssert.java:31)
	at Explore_Products_Tab.VerifyAccountsOption.verifyTheSafeCustodyOptionPresentInAccountsOption(VerifyAccountsOption.java:266)
	at java.base/jdk.internal.reflect.NativeMethodAccessorImpl.invoke0(Native Method)
	at java.base/jdk.internal.reflect.NativeMethodAccessorImpl.invoke(NativeMethodAccessorImpl.java:77)
	at java.base/jdk.internal.reflect.DelegatingMethodAccessorImpl.invoke(DelegatingMethodAccessorImpl.java:43)
	at java.base/java.lang.reflect.Method.invoke(Method.java:568)
	at org.testng.internal.MethodInvocationHelper.invokeMethod(MethodInvocationHelper.java:133)
	at org.testng.internal.TestInvoker.invokeMethod(TestInvoker.java:598)
	at org.testng.internal.TestInvoker.invokeTestMethod(TestInvoker.java:173)
	at org.testng.internal.MethodRunner.runInSequence(MethodRunner.java:46)
	at org.testng.internal.TestInvoker$MethodInvocationAgent.invoke(TestInvoker.java:824)
	at org.testng.internal.TestInvoker.invokeTestMethods(TestInvoker.java:146)
	at org.testng.internal.TestMethodWorker.invokeTestMethods(TestMethodWorker.java:146)
	at org.testng.internal.TestMethodWorker.run(TestMethodWorker.java:128)
	at java.base/java.util.concurrent.ThreadPoolExecutor.runWorker(ThreadPoolExecutor.java:1136)
	at java.base/java.util.concurrent.ThreadPoolExecutor$Worker.run(ThreadPoolExecutor.java:635)
	at java.base/java.lang.Thread.run(Thread.java:833)
</pre></div></td>
<td>5</td>
<td>Explore_Products_Tab.VerifyAccountsOption@209da20d</td></tr>
<tr>
<td title='Explore_Products_Tab.VerifyAccountsOption.verifyTheSavingAccountOptionPresentInAccountsOption()'><b>verifyTheSavingAccountOptionPresentInAccountsOption</b><br>Test class: Explore_Products_Tab.VerifyAccountsOption</td>
<td><div><pre>java.lang.AssertionError: The following asserts failed:
	expected [https://www.axisbank.com/retail/accounts/savings-account] but found [https://www.axisbank.com/]
	at Explore_Products_Tab.VerifyAccountsOption.verifyTheSavingAccountOptionPresentInAccountsOption(VerifyAccountsOption.java:140)
	at java.base/java.util.concurrent.ThreadPoolExecutor.runWorker(ThreadPoolExecutor.java:1136)
	at java.base/java.util.concurrent.ThreadPoolExecutor$Worker.run(ThreadPoolExecutor.java:635)
	at java.base/java.lang.Thread.run(Thread.java:833)
... Removed 14 stack frames</pre></div><a href='#' onClick='toggleBox("stack-trace1725865529", this, "Click to show all stack frames", "Click to hide stack frames")'>Click to show all stack frames</a>
<div class='stack-trace' id='stack-trace1725865529'><pre>java.lang.AssertionError: The following asserts failed:
	expected [https://www.axisbank.com/retail/accounts/savings-account] but found [https://www.axisbank.com/]
	at org.testng.asserts.SoftAssert.assertAll(SoftAssert.java:47)
	at org.testng.asserts.SoftAssert.assertAll(SoftAssert.java:31)
	at Explore_Products_Tab.VerifyAccountsOption.verifyTheSavingAccountOptionPresentInAccountsOption(VerifyAccountsOption.java:140)
	at java.base/jdk.internal.reflect.NativeMethodAccessorImpl.invoke0(Native Method)
	at java.base/jdk.internal.reflect.NativeMethodAccessorImpl.invoke(NativeMethodAccessorImpl.java:77)
	at java.base/jdk.internal.reflect.DelegatingMethodAccessorImpl.invoke(DelegatingMethodAccessorImpl.java:43)
	at java.base/java.lang.reflect.Method.invoke(Method.java:568)
	at org.testng.internal.MethodInvocationHelper.invokeMethod(MethodInvocationHelper.java:133)
	at org.testng.internal.TestInvoker.invokeMethod(TestInvoker.java:598)
	at org.testng.internal.TestInvoker.invokeTestMethod(TestInvoker.java:173)
	at org.testng.internal.MethodRunner.runInSequence(MethodRunner.java:46)
	at org.testng.internal.TestInvoker$MethodInvocationAgent.invoke(TestInvoker.java:824)
	at org.testng.internal.TestInvoker.invokeTestMethods(TestInvoker.java:146)
	at org.testng.internal.TestMethodWorker.invokeTestMethods(TestMethodWorker.java:146)
	at org.testng.internal.TestMethodWorker.run(TestMethodWorker.java:128)
	at java.base/java.util.concurrent.ThreadPoolExecutor.runWorker(ThreadPoolExecutor.java:1136)
	at java.base/java.util.concurrent.ThreadPoolExecutor$Worker.run(ThreadPoolExecutor.java:635)
	at java.base/java.lang.Thread.run(Thread.java:833)
</pre></div></td>
<td>8</td>
<td>Explore_Products_Tab.VerifyAccountsOption@209da20d</td></tr>
<tr>
<td title='Explore_Products_Tab.VerifyAccountsOption.verifyTheAxisActiveOptionPresentInAccountsOption()'><b>verifyTheAxisActiveOptionPresentInAccountsOption</b><br>Test class: Explore_Products_Tab.VerifyAccountsOption</td>
<td><div><pre>java.lang.AssertionError: The following asserts failed:
	expected [https://www.axisbank.com/retail/accounts/savings-account] but found [https://www.axisbank.com/],
	expected [https://www.axisbank.com/silver-linings-program?cta=homepage-main-menu-silver-linings-program] but found [https://www.axisbank.com/],
	expected [https://www.axisbank.com/retail/accounts/trust-ngo-institutional-savings-account] but found [https://www.axisbank.com/],
	expected [https://www.axisbank.com/retail/accounts/pension-disbursement-account] but found [https://www.axisbank.com/],
	expected [https://www.axisbank.com/retail/accounts/safe-custody] but found [https://www.axisbank.com/],
	expected [https://digitalaccount.axisdirect.in/register] but found [about:blank],
	expected [https://www.axisbank.com/axisactive/index] but found [https://www.axisbank.com/]
	at Explore_Products_Tab.VerifyAccountsOption.verifyTheAxisActiveOptionPresentInAccountsOption(VerifyAccountsOption.java:298)
	at java.base/java.util.concurrent.ThreadPoolExecutor.runWorker(ThreadPoolExecutor.java:1136)
	at java.base/java.util.concurrent.ThreadPoolExecutor$Worker.run(ThreadPoolExecutor.java:635)
	at java.base/java.lang.Thread.run(Thread.java:833)
... Removed 14 stack frames</pre></div><a href='#' onClick='toggleBox("stack-trace1368663283", this, "Click to show all stack frames", "Click to hide stack frames")'>Click to show all stack frames</a>
<div class='stack-trace' id='stack-trace1368663283'><pre>java.lang.AssertionError: The following asserts failed:
	expected [https://www.axisbank.com/retail/accounts/savings-account] but found [https://www.axisbank.com/],
	expected [https://www.axisbank.com/silver-linings-program?cta=homepage-main-menu-silver-linings-program] but found [https://www.axisbank.com/],
	expected [https://www.axisbank.com/retail/accounts/trust-ngo-institutional-savings-account] but found [https://www.axisbank.com/],
	expected [https://www.axisbank.com/retail/accounts/pension-disbursement-account] but found [https://www.axisbank.com/],
	expected [https://www.axisbank.com/retail/accounts/safe-custody] but found [https://www.axisbank.com/],
	expected [https://digitalaccount.axisdirect.in/register] but found [about:blank],
	expected [https://www.axisbank.com/axisactive/index] but found [https://www.axisbank.com/]
	at org.testng.asserts.SoftAssert.assertAll(SoftAssert.java:47)
	at org.testng.asserts.SoftAssert.assertAll(SoftAssert.java:31)
	at Explore_Products_Tab.VerifyAccountsOption.verifyTheAxisActiveOptionPresentInAccountsOption(VerifyAccountsOption.java:298)
	at java.base/jdk.internal.reflect.NativeMethodAccessorImpl.invoke0(Native Method)
	at java.base/jdk.internal.reflect.NativeMethodAccessorImpl.invoke(NativeMethodAccessorImpl.java:77)
	at java.base/jdk.internal.reflect.DelegatingMethodAccessorImpl.invoke(DelegatingMethodAccessorImpl.java:43)
	at java.base/java.lang.reflect.Method.invoke(Method.java:568)
	at org.testng.internal.MethodInvocationHelper.invokeMethod(MethodInvocationHelper.java:133)
	at org.testng.internal.TestInvoker.invokeMethod(TestInvoker.java:598)
	at org.testng.internal.TestInvoker.invokeTestMethod(TestInvoker.java:173)
	at org.testng.internal.MethodRunner.runInSequence(MethodRunner.java:46)
	at org.testng.internal.TestInvoker$MethodInvocationAgent.invoke(TestInvoker.java:824)
	at org.testng.internal.TestInvoker.invokeTestMethods(TestInvoker.java:146)
	at org.testng.internal.TestMethodWorker.invokeTestMethods(TestMethodWorker.java:146)
	at org.testng.internal.TestMethodWorker.run(TestMethodWorker.java:128)
	at java.base/java.util.concurrent.ThreadPoolExecutor.runWorker(ThreadPoolExecutor.java:1136)
	at java.base/java.util.concurrent.ThreadPoolExecutor$Worker.run(ThreadPoolExecutor.java:635)
	at java.base/java.lang.Thread.run(Thread.java:833)
</pre></div></td>
<td>7</td>
<td>Explore_Products_Tab.VerifyAccountsOption@209da20d</td></tr>
<tr>
<td title='Explore_Products_Tab.VerifyAccountsOption.verifyTheSilverLiningsProgramOptionPresentInAccountsOption()'><b>verifyTheSilverLiningsProgramOptionPresentInAccountsOption</b><br>Test class: Explore_Products_Tab.VerifyAccountsOption</td>
<td><div><pre>java.lang.AssertionError: The following asserts failed:
	expected [https://www.axisbank.com/retail/accounts/savings-account] but found [https://www.axisbank.com/],
	expected [https://www.axisbank.com/silver-linings-program?cta=homepage-main-menu-silver-linings-program] but found [https://www.axisbank.com/]
	at Explore_Products_Tab.VerifyAccountsOption.verifyTheSilverLiningsProgramOptionPresentInAccountsOption(VerifyAccountsOption.java:154)
	at java.base/java.util.concurrent.ThreadPoolExecutor.runWorker(ThreadPoolExecutor.java:1136)
	at java.base/java.util.concurrent.ThreadPoolExecutor$Worker.run(ThreadPoolExecutor.java:635)
	at java.base/java.lang.Thread.run(Thread.java:833)
... Removed 14 stack frames</pre></div><a href='#' onClick='toggleBox("stack-trace362222270", this, "Click to show all stack frames", "Click to hide stack frames")'>Click to show all stack frames</a>
<div class='stack-trace' id='stack-trace362222270'><pre>java.lang.AssertionError: The following asserts failed:
	expected [https://www.axisbank.com/retail/accounts/savings-account] but found [https://www.axisbank.com/],
	expected [https://www.axisbank.com/silver-linings-program?cta=homepage-main-menu-silver-linings-program] but found [https://www.axisbank.com/]
	at org.testng.asserts.SoftAssert.assertAll(SoftAssert.java:47)
	at org.testng.asserts.SoftAssert.assertAll(SoftAssert.java:31)
	at Explore_Products_Tab.VerifyAccountsOption.verifyTheSilverLiningsProgramOptionPresentInAccountsOption(VerifyAccountsOption.java:154)
	at java.base/jdk.internal.reflect.NativeMethodAccessorImpl.invoke0(Native Method)
	at java.base/jdk.internal.reflect.NativeMethodAccessorImpl.invoke(NativeMethodAccessorImpl.java:77)
	at java.base/jdk.internal.reflect.DelegatingMethodAccessorImpl.invoke(DelegatingMethodAccessorImpl.java:43)
	at java.base/java.lang.reflect.Method.invoke(Method.java:568)
	at org.testng.internal.MethodInvocationHelper.invokeMethod(MethodInvocationHelper.java:133)
	at org.testng.internal.TestInvoker.invokeMethod(TestInvoker.java:598)
	at org.testng.internal.TestInvoker.invokeTestMethod(TestInvoker.java:173)
	at org.testng.internal.MethodRunner.runInSequence(MethodRunner.java:46)
	at org.testng.internal.TestInvoker$MethodInvocationAgent.invoke(TestInvoker.java:824)
	at org.testng.internal.TestInvoker.invokeTestMethods(TestInvoker.java:146)
	at org.testng.internal.TestMethodWorker.invokeTestMethods(TestMethodWorker.java:146)
	at org.testng.internal.TestMethodWorker.run(TestMethodWorker.java:128)
	at java.base/java.util.concurrent.ThreadPoolExecutor.runWorker(ThreadPoolExecutor.java:1136)
	at java.base/java.util.concurrent.ThreadPoolExecutor$Worker.run(ThreadPoolExecutor.java:635)
	at java.base/java.lang.Thread.run(Thread.java:833)
</pre></div></td>
<td>5</td>
<td>Explore_Products_Tab.VerifyAccountsOption@209da20d</td></tr>
<tr>
<td title='Explore_Products_Tab.VerifyAccountsOption.verifyThePensionDisbursementAccountOptionPresentInAccountsOption()'><b>verifyThePensionDisbursementAccountOptionPresentInAccountsOption</b><br>Test class: Explore_Products_Tab.VerifyAccountsOption</td>
<td><div><pre>java.lang.AssertionError: The following asserts failed:
	expected [https://www.axisbank.com/retail/accounts/savings-account] but found [https://www.axisbank.com/],
	expected [https://www.axisbank.com/silver-linings-program?cta=homepage-main-menu-silver-linings-program] but found [https://www.axisbank.com/],
	expected [https://www.axisbank.com/retail/accounts/trust-ngo-institutional-savings-account] but found [https://www.axisbank.com/],
	expected [https://www.axisbank.com/retail/accounts/pension-disbursement-account] but found [https://www.axisbank.com/]
	at Explore_Products_Tab.VerifyAccountsOption.verifyThePensionDisbursementAccountOptionPresentInAccountsOption(VerifyAccountsOption.java:281)
	at java.base/java.util.concurrent.ThreadPoolExecutor.runWorker(ThreadPoolExecutor.java:1136)
	at java.base/java.util.concurrent.ThreadPoolExecutor$Worker.run(ThreadPoolExecutor.java:635)
	at java.base/java.lang.Thread.run(Thread.java:833)
... Removed 14 stack frames</pre></div><a href='#' onClick='toggleBox("stack-trace243863207", this, "Click to show all stack frames", "Click to hide stack frames")'>Click to show all stack frames</a>
<div class='stack-trace' id='stack-trace243863207'><pre>java.lang.AssertionError: The following asserts failed:
	expected [https://www.axisbank.com/retail/accounts/savings-account] but found [https://www.axisbank.com/],
	expected [https://www.axisbank.com/silver-linings-program?cta=homepage-main-menu-silver-linings-program] but found [https://www.axisbank.com/],
	expected [https://www.axisbank.com/retail/accounts/trust-ngo-institutional-savings-account] but found [https://www.axisbank.com/],
	expected [https://www.axisbank.com/retail/accounts/pension-disbursement-account] but found [https://www.axisbank.com/]
	at org.testng.asserts.SoftAssert.assertAll(SoftAssert.java:47)
	at org.testng.asserts.SoftAssert.assertAll(SoftAssert.java:31)
	at Explore_Products_Tab.VerifyAccountsOption.verifyThePensionDisbursementAccountOptionPresentInAccountsOption(VerifyAccountsOption.java:281)
	at java.base/jdk.internal.reflect.NativeMethodAccessorImpl.invoke0(Native Method)
	at java.base/jdk.internal.reflect.NativeMethodAccessorImpl.invoke(NativeMethodAccessorImpl.java:77)
	at java.base/jdk.internal.reflect.DelegatingMethodAccessorImpl.invoke(DelegatingMethodAccessorImpl.java:43)
	at java.base/java.lang.reflect.Method.invoke(Method.java:568)
	at org.testng.internal.MethodInvocationHelper.invokeMethod(MethodInvocationHelper.java:133)
	at org.testng.internal.TestInvoker.invokeMethod(TestInvoker.java:598)
	at org.testng.internal.TestInvoker.invokeTestMethod(TestInvoker.java:173)
	at org.testng.internal.MethodRunner.runInSequence(MethodRunner.java:46)
	at org.testng.internal.TestInvoker$MethodInvocationAgent.invoke(TestInvoker.java:824)
	at org.testng.internal.TestInvoker.invokeTestMethods(TestInvoker.java:146)
	at org.testng.internal.TestMethodWorker.invokeTestMethods(TestMethodWorker.java:146)
	at org.testng.internal.TestMethodWorker.run(TestMethodWorker.java:128)
	at java.base/java.util.concurrent.ThreadPoolExecutor.runWorker(ThreadPoolExecutor.java:1136)
	at java.base/java.util.concurrent.ThreadPoolExecutor$Worker.run(ThreadPoolExecutor.java:635)
	at java.base/java.lang.Thread.run(Thread.java:833)
</pre></div></td>
<td>8</td>
<td>Explore_Products_Tab.VerifyAccountsOption@209da20d</td></tr>
<tr>
<td title='Explore_Products_Tab.VerifyAccountsOption.verifyTheTrustNgoSavingsAccountOptionPresentInAccountsOption()'><b>verifyTheTrustNgoSavingsAccountOptionPresentInAccountsOption</b><br>Test class: Explore_Products_Tab.VerifyAccountsOption</td>
<td><div><pre>java.lang.AssertionError: The following asserts failed:
	expected [https://www.axisbank.com/retail/accounts/savings-account] but found [https://www.axisbank.com/],
	expected [https://www.axisbank.com/silver-linings-program?cta=homepage-main-menu-silver-linings-program] but found [https://www.axisbank.com/],
	expected [https://www.axisbank.com/retail/accounts/trust-ngo-institutional-savings-account] but found [https://www.axisbank.com/]
	at Explore_Products_Tab.VerifyAccountsOption.verifyTheTrustNgoSavingsAccountOptionPresentInAccountsOption(VerifyAccountsOption.java:184)
	at java.base/java.util.concurrent.ThreadPoolExecutor.runWorker(ThreadPoolExecutor.java:1136)
	at java.base/java.util.concurrent.ThreadPoolExecutor$Worker.run(ThreadPoolExecutor.java:635)
	at java.base/java.lang.Thread.run(Thread.java:833)
... Removed 14 stack frames</pre></div><a href='#' onClick='toggleBox("stack-trace23336564", this, "Click to show all stack frames", "Click to hide stack frames")'>Click to show all stack frames</a>
<div class='stack-trace' id='stack-trace23336564'><pre>java.lang.AssertionError: The following asserts failed:
	expected [https://www.axisbank.com/retail/accounts/savings-account] but found [https://www.axisbank.com/],
	expected [https://www.axisbank.com/silver-linings-program?cta=homepage-main-menu-silver-linings-program] but found [https://www.axisbank.com/],
	expected [https://www.axisbank.com/retail/accounts/trust-ngo-institutional-savings-account] but found [https://www.axisbank.com/]
	at org.testng.asserts.SoftAssert.assertAll(SoftAssert.java:47)
	at org.testng.asserts.SoftAssert.assertAll(SoftAssert.java:31)
	at Explore_Products_Tab.VerifyAccountsOption.verifyTheTrustNgoSavingsAccountOptionPresentInAccountsOption(VerifyAccountsOption.java:184)
	at java.base/jdk.internal.reflect.NativeMethodAccessorImpl.invoke0(Native Method)
	at java.base/jdk.internal.reflect.NativeMethodAccessorImpl.invoke(NativeMethodAccessorImpl.java:77)
	at java.base/jdk.internal.reflect.DelegatingMethodAccessorImpl.invoke(DelegatingMethodAccessorImpl.java:43)
	at java.base/java.lang.reflect.Method.invoke(Method.java:568)
	at org.testng.internal.MethodInvocationHelper.invokeMethod(MethodInvocationHelper.java:133)
	at org.testng.internal.TestInvoker.invokeMethod(TestInvoker.java:598)
	at org.testng.internal.TestInvoker.invokeTestMethod(TestInvoker.java:173)
	at org.testng.internal.MethodRunner.runInSequence(MethodRunner.java:46)
	at org.testng.internal.TestInvoker$MethodInvocationAgent.invoke(TestInvoker.java:824)
	at org.testng.internal.TestInvoker.invokeTestMethods(TestInvoker.java:146)
	at org.testng.internal.TestMethodWorker.invokeTestMethods(TestMethodWorker.java:146)
	at org.testng.internal.TestMethodWorker.run(TestMethodWorker.java:128)
	at java.base/java.util.concurrent.ThreadPoolExecutor.runWorker(ThreadPoolExecutor.java:1136)
	at java.base/java.util.concurrent.ThreadPoolExecutor$Worker.run(ThreadPoolExecutor.java:635)
	at java.base/java.lang.Thread.run(Thread.java:833)
</pre></div></td>
<td>6</td>
<td>Explore_Products_Tab.VerifyAccountsOption@209da20d</td></tr>
<tr>
<td title='Explore_Products_Tab.VerifyAccountsOption.verifyTheAxisDirectInvestAccountOptionPresentInAccountsOption()'><b>verifyTheAxisDirectInvestAccountOptionPresentInAccountsOption</b><br>Test class: Explore_Products_Tab.VerifyAccountsOption</td>
<td><div><pre>java.lang.AssertionError: The following asserts failed:
	expected [https://www.axisbank.com/retail/accounts/savings-account] but found [https://www.axisbank.com/],
	expected [https://www.axisbank.com/silver-linings-program?cta=homepage-main-menu-silver-linings-program] but found [https://www.axisbank.com/],
	expected [https://www.axisbank.com/retail/accounts/trust-ngo-institutional-savings-account] but found [https://www.axisbank.com/],
	expected [https://www.axisbank.com/retail/accounts/pension-disbursement-account] but found [https://www.axisbank.com/],
	expected [https://www.axisbank.com/retail/accounts/safe-custody] but found [https://www.axisbank.com/],
	expected [https://digitalaccount.axisdirect.in/register] but found [about:blank]
	at Explore_Products_Tab.VerifyAccountsOption.verifyTheAxisDirectInvestAccountOptionPresentInAccountsOption(VerifyAccountsOption.java:236)
	at java.base/java.util.concurrent.ThreadPoolExecutor.runWorker(ThreadPoolExecutor.java:1136)
	at java.base/java.util.concurrent.ThreadPoolExecutor$Worker.run(ThreadPoolExecutor.java:635)
	at java.base/java.lang.Thread.run(Thread.java:833)
... Removed 14 stack frames</pre></div><a href='#' onClick='toggleBox("stack-trace560369332", this, "Click to show all stack frames", "Click to hide stack frames")'>Click to show all stack frames</a>
<div class='stack-trace' id='stack-trace560369332'><pre>java.lang.AssertionError: The following asserts failed:
	expected [https://www.axisbank.com/retail/accounts/savings-account] but found [https://www.axisbank.com/],
	expected [https://www.axisbank.com/silver-linings-program?cta=homepage-main-menu-silver-linings-program] but found [https://www.axisbank.com/],
	expected [https://www.axisbank.com/retail/accounts/trust-ngo-institutional-savings-account] but found [https://www.axisbank.com/],
	expected [https://www.axisbank.com/retail/accounts/pension-disbursement-account] but found [https://www.axisbank.com/],
	expected [https://www.axisbank.com/retail/accounts/safe-custody] but found [https://www.axisbank.com/],
	expected [https://digitalaccount.axisdirect.in/register] but found [about:blank]
	at org.testng.asserts.SoftAssert.assertAll(SoftAssert.java:47)
	at org.testng.asserts.SoftAssert.assertAll(SoftAssert.java:31)
	at Explore_Products_Tab.VerifyAccountsOption.verifyTheAxisDirectInvestAccountOptionPresentInAccountsOption(VerifyAccountsOption.java:236)
	at java.base/jdk.internal.reflect.NativeMethodAccessorImpl.invoke0(Native Method)
	at java.base/jdk.internal.reflect.NativeMethodAccessorImpl.invoke(NativeMethodAccessorImpl.java:77)
	at java.base/jdk.internal.reflect.DelegatingMethodAccessorImpl.invoke(DelegatingMethodAccessorImpl.java:43)
	at java.base/java.lang.reflect.Method.invoke(Method.java:568)
	at org.testng.internal.MethodInvocationHelper.invokeMethod(MethodInvocationHelper.java:133)
	at org.testng.internal.TestInvoker.invokeMethod(TestInvoker.java:598)
	at org.testng.internal.TestInvoker.invokeTestMethod(TestInvoker.java:173)
	at org.testng.internal.MethodRunner.runInSequence(MethodRunner.java:46)
	at org.testng.internal.TestInvoker$MethodInvocationAgent.invoke(TestInvoker.java:824)
	at org.testng.internal.TestInvoker.invokeTestMethods(TestInvoker.java:146)
	at org.testng.internal.TestMethodWorker.invokeTestMethods(TestMethodWorker.java:146)
	at org.testng.internal.TestMethodWorker.run(TestMethodWorker.java:128)
	at java.base/java.util.concurrent.ThreadPoolExecutor.runWorker(ThreadPoolExecutor.java:1136)
	at java.base/java.util.concurrent.ThreadPoolExecutor$Worker.run(ThreadPoolExecutor.java:635)
	at java.base/java.lang.Thread.run(Thread.java:833)
</pre></div></td>
<td>0</td>
<td>Explore_Products_Tab.VerifyAccountsOption@209da20d</td></tr>
<tr>
<td title='Home_Page.VerifyExploreProductTab.verifyTheTableNamePresentInExploreProductTab()'><b>verifyTheTableNamePresentInExploreProductTab</b><br>Test class: Home_Page.VerifyExploreProductTab</td>
<td><div><pre>java.lang.AssertionError: The following asserts failed:
	expected [Retail] but found [],
	expected [Agri and Rural] but found []
	at Home_Page.VerifyExploreProductTab.verifyTheTableNamePresentInExploreProductTab(VerifyExploreProductTab.java:83)
	at java.base/java.util.concurrent.ThreadPoolExecutor.runWorker(ThreadPoolExecutor.java:1136)
	at java.base/java.util.concurrent.ThreadPoolExecutor$Worker.run(ThreadPoolExecutor.java:635)
	at java.base/java.lang.Thread.run(Thread.java:833)
... Removed 14 stack frames</pre></div><a href='#' onClick='toggleBox("stack-trace1917034836", this, "Click to show all stack frames", "Click to hide stack frames")'>Click to show all stack frames</a>
<div class='stack-trace' id='stack-trace1917034836'><pre>java.lang.AssertionError: The following asserts failed:
	expected [Retail] but found [],
	expected [Agri and Rural] but found []
	at org.testng.asserts.SoftAssert.assertAll(SoftAssert.java:47)
	at org.testng.asserts.SoftAssert.assertAll(SoftAssert.java:31)
	at Home_Page.VerifyExploreProductTab.verifyTheTableNamePresentInExploreProductTab(VerifyExploreProductTab.java:83)
	at java.base/jdk.internal.reflect.NativeMethodAccessorImpl.invoke0(Native Method)
	at java.base/jdk.internal.reflect.NativeMethodAccessorImpl.invoke(NativeMethodAccessorImpl.java:77)
	at java.base/jdk.internal.reflect.DelegatingMethodAccessorImpl.invoke(DelegatingMethodAccessorImpl.java:43)
	at java.base/java.lang.reflect.Method.invoke(Method.java:568)
	at org.testng.internal.MethodInvocationHelper.invokeMethod(MethodInvocationHelper.java:133)
	at org.testng.internal.TestInvoker.invokeMethod(TestInvoker.java:598)
	at org.testng.internal.TestInvoker.invokeTestMethod(TestInvoker.java:173)
	at org.testng.internal.MethodRunner.runInSequence(MethodRunner.java:46)
	at org.testng.internal.TestInvoker$MethodInvocationAgent.invoke(TestInvoker.java:824)
	at org.testng.internal.TestInvoker.invokeTestMethods(TestInvoker.java:146)
	at org.testng.internal.TestMethodWorker.invokeTestMethods(TestMethodWorker.java:146)
	at org.testng.internal.TestMethodWorker.run(TestMethodWorker.java:128)
	at java.base/java.util.concurrent.ThreadPoolExecutor.runWorker(ThreadPoolExecutor.java:1136)
	at java.base/java.util.concurrent.ThreadPoolExecutor$Worker.run(ThreadPoolExecutor.java:635)
	at java.base/java.lang.Thread.run(Thread.java:833)
</pre></div></td>
<td>0</td>
<td>Home_Page.VerifyExploreProductTab@bae7dc0</td></tr>
<tr>
<td title='Explore_Products_Tab.VerifyAccountsOption.verifyThePublicProvidentFundOptionPresentInAccountsOption()'><b>verifyThePublicProvidentFundOptionPresentInAccountsOption</b><br>Test class: Explore_Products_Tab.VerifyAccountsOption</td>
<td><div><pre>java.lang.AssertionError: The following asserts failed:
	expected [https://www.axisbank.com/retail/accounts/savings-account] but found [https://www.axisbank.com/],
	expected [https://www.axisbank.com/silver-linings-program?cta=homepage-main-menu-silver-linings-program] but found [https://www.axisbank.com/],
	expected [https://www.axisbank.com/retail/accounts/trust-ngo-institutional-savings-account] but found [https://www.axisbank.com/],
	expected [https://www.axisbank.com/retail/accounts/pension-disbursement-account] but found [https://www.axisbank.com/]
	at Explore_Products_Tab.VerifyAccountsOption.verifyThePublicProvidentFundOptionPresentInAccountsOption(VerifyAccountsOption.java:216)
	at java.base/java.util.concurrent.ThreadPoolExecutor.runWorker(ThreadPoolExecutor.java:1136)
	at java.base/java.util.concurrent.ThreadPoolExecutor$Worker.run(ThreadPoolExecutor.java:635)
	at java.base/java.lang.Thread.run(Thread.java:833)
... Removed 14 stack frames</pre></div><a href='#' onClick='toggleBox("stack-trace210472627", this, "Click to show all stack frames", "Click to hide stack frames")'>Click to show all stack frames</a>
<div class='stack-trace' id='stack-trace210472627'><pre>java.lang.AssertionError: The following asserts failed:
	expected [https://www.axisbank.com/retail/accounts/savings-account] but found [https://www.axisbank.com/],
	expected [https://www.axisbank.com/silver-linings-program?cta=homepage-main-menu-silver-linings-program] but found [https://www.axisbank.com/],
	expected [https://www.axisbank.com/retail/accounts/trust-ngo-institutional-savings-account] but found [https://www.axisbank.com/],
	expected [https://www.axisbank.com/retail/accounts/pension-disbursement-account] but found [https://www.axisbank.com/]
	at org.testng.asserts.SoftAssert.assertAll(SoftAssert.java:47)
	at org.testng.asserts.SoftAssert.assertAll(SoftAssert.java:31)
	at Explore_Products_Tab.VerifyAccountsOption.verifyThePublicProvidentFundOptionPresentInAccountsOption(VerifyAccountsOption.java:216)
	at java.base/jdk.internal.reflect.NativeMethodAccessorImpl.invoke0(Native Method)
	at java.base/jdk.internal.reflect.NativeMethodAccessorImpl.invoke(NativeMethodAccessorImpl.java:77)
	at java.base/jdk.internal.reflect.DelegatingMethodAccessorImpl.invoke(DelegatingMethodAccessorImpl.java:43)
	at java.base/java.lang.reflect.Method.invoke(Method.java:568)
	at org.testng.internal.MethodInvocationHelper.invokeMethod(MethodInvocationHelper.java:133)
	at org.testng.internal.TestInvoker.invokeMethod(TestInvoker.java:598)
	at org.testng.internal.TestInvoker.invokeTestMethod(TestInvoker.java:173)
	at org.testng.internal.MethodRunner.runInSequence(MethodRunner.java:46)
	at org.testng.internal.TestInvoker$MethodInvocationAgent.invoke(TestInvoker.java:824)
	at org.testng.internal.TestInvoker.invokeTestMethods(TestInvoker.java:146)
	at org.testng.internal.TestMethodWorker.invokeTestMethods(TestMethodWorker.java:146)
	at org.testng.internal.TestMethodWorker.run(TestMethodWorker.java:128)
	at java.base/java.util.concurrent.ThreadPoolExecutor.runWorker(ThreadPoolExecutor.java:1136)
	at java.base/java.util.concurrent.ThreadPoolExecutor$Worker.run(ThreadPoolExecutor.java:635)
	at java.base/java.lang.Thread.run(Thread.java:833)
</pre></div></td>
<td>6</td>
<td>Explore_Products_Tab.VerifyAccountsOption@209da20d</td></tr>
<tr>
<td title='Explore_Products_Tab.VerifyAccountsOption.verifyTheSafeDepositLockerOptionPresentInAccountsOption()'><b>verifyTheSafeDepositLockerOptionPresentInAccountsOption</b><br>Test class: Explore_Products_Tab.VerifyAccountsOption</td>
<td><div><pre>java.lang.AssertionError: The following asserts failed:
	expected [https://www.axisbank.com/retail/accounts/savings-account] but found [https://www.axisbank.com/],
	expected [https://www.axisbank.com/silver-linings-program?cta=homepage-main-menu-silver-linings-program] but found [https://www.axisbank.com/],
	expected [https://www.axisbank.com/retail/accounts/trust-ngo-institutional-savings-account] but found [https://www.axisbank.com/],
	expected [https://www.axisbank.com/retail/accounts/pension-disbursement-account] but found [https://www.axisbank.com/]
	at Explore_Products_Tab.VerifyAccountsOption.verifyTheSafeDepositLockerOptionPresentInAccountsOption(VerifyAccountsOption.java:251)
	at java.base/java.util.concurrent.ThreadPoolExecutor.runWorker(ThreadPoolExecutor.java:1136)
	at java.base/java.util.concurrent.ThreadPoolExecutor$Worker.run(ThreadPoolExecutor.java:635)
	at java.base/java.lang.Thread.run(Thread.java:833)
... Removed 14 stack frames</pre></div><a href='#' onClick='toggleBox("stack-trace1533274174", this, "Click to show all stack frames", "Click to hide stack frames")'>Click to show all stack frames</a>
<div class='stack-trace' id='stack-trace1533274174'><pre>java.lang.AssertionError: The following asserts failed:
	expected [https://www.axisbank.com/retail/accounts/savings-account] but found [https://www.axisbank.com/],
	expected [https://www.axisbank.com/silver-linings-program?cta=homepage-main-menu-silver-linings-program] but found [https://www.axisbank.com/],
	expected [https://www.axisbank.com/retail/accounts/trust-ngo-institutional-savings-account] but found [https://www.axisbank.com/],
	expected [https://www.axisbank.com/retail/accounts/pension-disbursement-account] but found [https://www.axisbank.com/]
	at org.testng.asserts.SoftAssert.assertAll(SoftAssert.java:47)
	at org.testng.asserts.SoftAssert.assertAll(SoftAssert.java:31)
	at Explore_Products_Tab.VerifyAccountsOption.verifyTheSafeDepositLockerOptionPresentInAccountsOption(VerifyAccountsOption.java:251)
	at java.base/jdk.internal.reflect.NativeMethodAccessorImpl.invoke0(Native Method)
	at java.base/jdk.internal.reflect.NativeMethodAccessorImpl.invoke(NativeMethodAccessorImpl.java:77)
	at java.base/jdk.internal.reflect.DelegatingMethodAccessorImpl.invoke(DelegatingMethodAccessorImpl.java:43)
	at java.base/java.lang.reflect.Method.invoke(Method.java:568)
	at org.testng.internal.MethodInvocationHelper.invokeMethod(MethodInvocationHelper.java:133)
	at org.testng.internal.TestInvoker.invokeMethod(TestInvoker.java:598)
	at org.testng.internal.TestInvoker.invokeTestMethod(TestInvoker.java:173)
	at org.testng.internal.MethodRunner.runInSequence(MethodRunner.java:46)
	at org.testng.internal.TestInvoker$MethodInvocationAgent.invoke(TestInvoker.java:824)
	at org.testng.internal.TestInvoker.invokeTestMethods(TestInvoker.java:146)
	at org.testng.internal.TestMethodWorker.invokeTestMethods(TestMethodWorker.java:146)
	at org.testng.internal.TestMethodWorker.run(TestMethodWorker.java:128)
	at java.base/java.util.concurrent.ThreadPoolExecutor.runWorker(ThreadPoolExecutor.java:1136)
	at java.base/java.util.concurrent.ThreadPoolExecutor$Worker.run(ThreadPoolExecutor.java:635)
	at java.base/java.lang.Thread.run(Thread.java:833)
</pre></div></td>
<td>5</td>
<td>Explore_Products_Tab.VerifyAccountsOption@209da20d</td></tr>
</table><p>
<table width='100%' border='1' class='invocation-passed'>
<tr><td colspan='4' align='center'><b>PASSED TESTS</b></td></tr>
<tr><td><b>Test method</b></td>
<td width="30%"><b>Exception</b></td>
<td width="10%"><b>Time (seconds)</b></td>
<td><b>Instance</b></td>
</tr>
<tr>
<td title='Explore_Products_Tab.VerifyAccountsOption.verifyAllTheOptionsPresentInAccountsOption()'><b>verifyAllTheOptionsPresentInAccountsOption</b><br>Test class: Explore_Products_Tab.VerifyAccountsOption</td>
<td></td>
<td>2</td>
<td>Explore_Products_Tab.VerifyAccountsOption@209da20d</td></tr>
<tr>
<td title='Explore_Products_Tab.VerifyDepositsOption.verifyTheRecurringDepositsOptionPresentInDepositsOption()'><b>verifyTheRecurringDepositsOptionPresentInDepositsOption</b><br>Test class: Explore_Products_Tab.VerifyDepositsOption</td>
<td></td>
<td>5</td>
<td>Explore_Products_Tab.VerifyDepositsOption@e15b7e8</td></tr>
<tr>
<td title='Explore_Products_Tab.VerifyDepositsOption.verifyTheFixedDepositPlusOptionPresentInDepositsOption()'><b>verifyTheFixedDepositPlusOptionPresentInDepositsOption</b><br>Test class: Explore_Products_Tab.VerifyDepositsOption</td>
<td></td>
<td>9</td>
<td>Explore_Products_Tab.VerifyDepositsOption@e15b7e8</td></tr>
<tr>
<td title='Explore_Products_Tab.VerifyDepositsOption.verifyTheFixedDepositsOptionPresentInDepositsOption()'><b>verifyTheFixedDepositsOptionPresentInDepositsOption</b><br>Test class: Explore_Products_Tab.VerifyDepositsOption</td>
<td></td>
<td>4</td>
<td>Explore_Products_Tab.VerifyDepositsOption@e15b7e8</td></tr>
<tr>
<td title='Explore_Products_Tab.VerifyDepositsOption.verifyTheDigitalFixedDepositOptionPresentInDepositsOption()'><b>verifyTheDigitalFixedDepositOptionPresentInDepositsOption</b><br>Test class: Explore_Products_Tab.VerifyDepositsOption</td>
<td></td>
<td>6</td>
<td>Explore_Products_Tab.VerifyDepositsOption@e15b7e8</td></tr>
<tr>
<td title='Home_Page.VerifyExploreProductTab.verifyAllTheOptionsPresentInExploreProductTab()'><b>verifyAllTheOptionsPresentInExploreProductTab</b><br>Test class: Home_Page.VerifyExploreProductTab</td>
<td></td>
<td>14</td>
<td>Home_Page.VerifyExploreProductTab@bae7dc0</td></tr>
<tr>
<td title='Explore_Products_Tab.VerifyDepositsOption.verifyTheAutoFixedDepositOptionPresentInDepositsOption()'><b>verifyTheAutoFixedDepositOptionPresentInDepositsOption</b><br>Test class: Explore_Products_Tab.VerifyDepositsOption</td>
<td></td>
<td>4</td>
<td>Explore_Products_Tab.VerifyDepositsOption@e15b7e8</td></tr>
<tr>
<td title='Explore_Products_Tab.VerifyDepositsOption.verifyAllTheOptionPresentInDepositsOption()'><b>verifyAllTheOptionPresentInDepositsOption</b><br>Test class: Explore_Products_Tab.VerifyDepositsOption</td>
<td></td>
<td>1</td>
<td>Explore_Products_Tab.VerifyDepositsOption@e15b7e8</td></tr>
<tr>
<td title='Explore_Products_Tab.VerifyDepositsOption.verifyTheTaxSaverFixedDepositOptionPresentInDepositsOption()'><b>verifyTheTaxSaverFixedDepositOptionPresentInDepositsOption</b><br>Test class: Explore_Products_Tab.VerifyDepositsOption</td>
<td></td>
<td>5</td>
<td>Explore_Products_Tab.VerifyDepositsOption@e15b7e8</td></tr>
</table><p>
</body>
</html>