<?xml version="1.0" encoding="UTF-8"?>
<!-- Generated by org.testng.reporters.JUnitXMLReporter -->
<testsuite ignored="12" hostname="DESKTOP-FTIU28S" failures="0" tests="1" name="Default test" time="0.1" errors="0" timestamp="2023-03-24T11:47:26 IST">
  <testcase classname="Explore_Products_Tab.VerifyAccountsOption" name="@BeforeTest openBrowser" time="-1.679638646629E9">
    <failure type="org.testng.TestNGException" message="
Parameter &amp;apos;browser&amp;apos; is required by BeforeTest on method openBrowser but has not been marked @Optional or defined
in C:\Users\Akash\AppData\Local\Temp\testng-eclipse--1320183286\testng-customsuite.xml">
      <![CDATA[org.testng.TestNGException: 
Parameter 'browser' is required by BeforeTest on method openBrowser but has not been marked @Optional or defined
in C:\Users\Akash\AppData\Local\Temp\testng-eclipse--1320183286\testng-customsuite.xml
at org.testng.internal.Parameters.createParams(Parameters.java:270)
at org.testng.internal.Parameters.createParametersForMethod(Parameters.java:358)
at org.testng.internal.Parameters.createParameters(Parameters.java:700)
at org.testng.internal.Parameters.createConfigurationParameters(Parameters.java:168)
at org.testng.internal.ConfigInvoker.invokeConfigurations(ConfigInvoker.java:302)
at org.testng.TestRunner.invokeTestConfigurations(TestRunner.java:637)
at org.testng.TestRunner.beforeRun(TestRunner.java:627)
at org.testng.TestRunner.run(TestRunner.java:589)
at org.testng.SuiteRunner.runTest(SuiteRunner.java:377)
at org.testng.SuiteRunner.runSequentially(SuiteRunner.java:371)
at org.testng.SuiteRunner.privateRun(SuiteRunner.java:332)
at org.testng.SuiteRunner.run(SuiteRunner.java:276)
at org.testng.SuiteRunnerWorker.runSuite(SuiteRunnerWorker.java:53)
at org.testng.SuiteRunnerWorker.run(SuiteRunnerWorker.java:96)
at org.testng.TestNG.runSuitesSequentially(TestNG.java:1212)
at org.testng.TestNG.runSuitesLocally(TestNG.java:1134)
at org.testng.TestNG.runSuites(TestNG.java:1063)
at org.testng.TestNG.run(TestNG.java:1031)
at org.testng.remote.AbstractRemoteTestNG.run(AbstractRemoteTestNG.java:115)
at org.testng.remote.RemoteTestNG.initAndRun(RemoteTestNG.java:251)
at org.testng.remote.RemoteTestNG.main(RemoteTestNG.java:77)
]]>
    </failure>
  </testcase> <!-- @BeforeTest openBrowser -->
  <testcase classname="Explore_Products_Tab.VerifyAccountsOption" name="@BeforeClass launchBrowser" time="-1.679638646674E9">
    <skipped/>
  </testcase> <!-- @BeforeClass launchBrowser -->
  <testcase classname="Explore_Products_Tab.VerifyAccountsOption" name="@BeforeMethod launchWebApplication" time="-1.679638646703E9">
    <skipped/>
  </testcase> <!-- @BeforeMethod launchWebApplication -->
  <testcase classname="Explore_Products_Tab.VerifyAccountsOption" name="@AfterMethod logOutFromApplication" time="-1.679638646711E9">
    <skipped/>
  </testcase> <!-- @AfterMethod logOutFromApplication -->
  <testcase classname="Explore_Products_Tab.VerifyAccountsOption" name="@AfterClass closeTheBrowser" time="-1.679638646713E9">
    <skipped/>
  </testcase> <!-- @AfterClass closeTheBrowser -->
  <testcase classname="Explore_Products_Tab.VerifyAccountsOption" name="@AfterTest afterTest" time="-1.679638646718E9">
    <skipped/>
  </testcase> <!-- @AfterTest afterTest -->
  <testcase classname="Explore_Products_Tab.VerifyAccountsOption" name="verifyAllTheOptionsPresentInAccountsOption" time="0.0">
    <skipped/>
  </testcase> <!-- verifyAllTheOptionsPresentInAccountsOption -->
  <testcase classname="Explore_Products_Tab.VerifyAccountsOption" name="verifyTheSavingAccountOptionPresentInAccountsOption" time="0.0">
    <ignored/>
  </testcase> <!-- verifyTheSavingAccountOptionPresentInAccountsOption -->
  <testcase classname="Explore_Products_Tab.VerifyAccountsOption" name="verifyTheAxisDirectInvestAccountOptionPresentInAccountsOption" time="0.0">
    <ignored/>
  </testcase> <!-- verifyTheAxisDirectInvestAccountOptionPresentInAccountsOption -->
  <testcase classname="Explore_Products_Tab.VerifyAccountsOption" name="verifyTheSalaryAccountOptionPresentInAccountsOption" time="0.0">
    <ignored/>
  </testcase> <!-- verifyTheSalaryAccountOptionPresentInAccountsOption -->
  <testcase classname="Explore_Products_Tab.VerifyAccountsOption" name="verifyTheCurrentAccountOptionPresentInAccountsOption" time="0.0">
    <ignored/>
  </testcase> <!-- verifyTheCurrentAccountOptionPresentInAccountsOption -->
  <testcase classname="Explore_Products_Tab.VerifyAccountsOption" name="verifyThePensionDisbursementAccountOptionPresentInAccountsOption" time="0.0">
    <ignored/>
  </testcase> <!-- verifyThePensionDisbursementAccountOptionPresentInAccountsOption -->
  <testcase classname="Explore_Products_Tab.VerifyAccountsOption" name="verifyTheSilverLiningsProgramOptionPresentInAccountsOption" time="0.0">
    <ignored/>
  </testcase> <!-- verifyTheSilverLiningsProgramOptionPresentInAccountsOption -->
  <testcase classname="Explore_Products_Tab.VerifyAccountsOption" name="verifyThePublicProvidentFundOptionPresentInAccountsOption" time="0.0">
    <ignored/>
  </testcase> <!-- verifyThePublicProvidentFundOptionPresentInAccountsOption -->
  <testcase classname="Explore_Products_Tab.VerifyAccountsOption" name="verifyTheSafeCustodyOptionPresentInAccountsOption" time="0.0">
    <ignored/>
  </testcase> <!-- verifyTheSafeCustodyOptionPresentInAccountsOption -->
  <testcase classname="Explore_Products_Tab.VerifyAccountsOption" name="verifyTheTrustNgoSavingsAccountOptionPresentInAccountsOption" time="0.0">
    <ignored/>
  </testcase> <!-- verifyTheTrustNgoSavingsAccountOptionPresentInAccountsOption -->
  <testcase classname="Explore_Products_Tab.VerifyAccountsOption" name="verifyThePMJDYOptionPresentInAccountsOption" time="0.0">
    <ignored/>
  </testcase> <!-- verifyThePMJDYOptionPresentInAccountsOption -->
  <testcase classname="Explore_Products_Tab.VerifyAccountsOption" name="verifyTheAxisActiveOptionPresentInAccountsOption" time="0.0">
    <ignored/>
  </testcase> <!-- verifyTheAxisActiveOptionPresentInAccountsOption -->
  <testcase classname="Explore_Products_Tab.VerifyAccountsOption" name="verifyTheSafeDepositLockerOptionPresentInAccountsOption" time="0.0">
    <ignored/>
  </testcase> <!-- verifyTheSafeDepositLockerOptionPresentInAccountsOption -->
</testsuite> <!-- Default test -->
