<!DOCTYPE html PUBLIC "-//W3C//DTD XHTML 1.1//EN" "https://www.w3.org/TR/xhtml11/DTD/xhtml11.dtd">
<html xmlns="https://www.w3.org/1999/xhtml">
<head>
<meta http-equiv="content-type" content="text/html; charset=UTF-8"/>
<title>TestNG Report</title>
<style type="text/css">table {margin-bottom:10px;border-collapse:collapse;empty-cells:show}th,td {border:1px solid #009;padding:.25em .5em}th {vertical-align:bottom}td {vertical-align:top}table a {font-weight:bold}.stripe td {background-color: #E6EBF9}.num {text-align:right}.passedodd td {background-color: #3F3}.passedeven td {background-color: #0A0}.skippedodd td {background-color: #DDD}.skippedeven td {background-color: #CCC}.failedodd td,.attn {background-color: #F33}.failedeven td,.stripe .attn {background-color: #D00}.stacktrace {white-space:pre;font-family:monospace}.totop {font-size:85%;text-align:center;border-bottom:2px solid #000}.invisible {display:none}</style>
</head>
<body>
<table>
<tr><th>Test</th><th># Passed</th><th># Skipped</th><th># Retried</th><th># Failed</th><th>Time (ms)</th><th>Included Groups</th><th>Excluded Groups</th></tr>
<tr><th colspan="8">Axis_Bank_Suite</th></tr>
<tr><td><a href="#t0">EdgeTest</a></td><td class="num">0</td><td class="num attn">3</td><td class="num">0</td><td class="num">0</td><td class="num">5,394</td><td></td><td></td></tr>
<tr class="stripe"><td><a href="#t1">FirefoxTest</a></td><td class="num">2</td><td class="num">0</td><td class="num">0</td><td class="num attn">1</td><td class="num">28,885</td><td></td><td></td></tr>
<tr><td><a href="#t2">ChromeTest</a></td><td class="num">2</td><td class="num">0</td><td class="num">0</td><td class="num attn">1</td><td class="num">30,118</td><td></td><td></td></tr>
<tr><th>Total</th><th class="num">4</th><th class="num attn">3</th><th class="num">0</th><th class="num attn">2</th><th class="num">64,397</th><th colspan="2"></th></tr>
</table>
<table id='summary'><thead><tr><th>Class</th><th>Method</th><th>Start</th><th>Time (ms)</th></tr></thead><tbody><tr><th colspan="4">Axis_Bank_Suite</th></tr></tbody><tbody id="t0"><tr><th colspan="4">EdgeTest &#8212; failed (configuration methods)</th></tr><tr class="failedeven"><td rowspan="1">Home_Page.VerifyExploreProductTab</td><td><a href="#m0">openBrowser</a></td><td rowspan="1">1681622522157</td><td rowspan="1">5141</td></tr><tr><th colspan="4">EdgeTest &#8212; skipped (configuration methods)</th></tr><tr class="skippedeven"><td rowspan="7">Home_Page.VerifyExploreProductTab</td><td><a href="#m1">clearObject</a></td><td rowspan="1">1681622527527</td><td rowspan="1">-1681622527527</td></tr><tr class="skippedeven"><td><a href="#m2">closedTheBrowser</a></td><td rowspan="1">1681622527532</td><td rowspan="1">-1681622527532</td></tr><tr class="skippedeven"><td><a href="#m3">createPomObject</a></td><td rowspan="1">1681622527343</td><td rowspan="1">-1681622527343</td></tr><tr class="skippedeven"><td><a href="#m4">launchWebApplication</a></td><td rowspan="2">1681622527492</td><td rowspan="2">-1681622527492</td></tr><tr class="skippedeven"><td><a href="#m5">launchWebApplication</a></td></tr><tr class="skippedeven"><td><a href="#m6">logOutFromApplication</a></td><td rowspan="2">1681622527503</td><td rowspan="2">-1681622527503</td></tr><tr class="skippedeven"><td><a href="#m7">logOutFromApplication</a></td></tr><tr class="skippedodd"><td rowspan="6">Home_Page.VerifyLoginTab</td><td><a href="#m8">clearObject</a></td><td rowspan="1">1681622527385</td><td rowspan="1">-1681622527385</td></tr><tr class="skippedodd"><td><a href="#m9">closedTheBrowser</a></td><td rowspan="1">1681622527535</td><td rowspan="1">-1681622527535</td></tr><tr class="skippedodd"><td><a href="#m10">createPomObject</a></td><td rowspan="1">1681622527343</td><td rowspan="1">-1681622527343</td></tr><tr class="skippedodd"><td><a href="#m11">launchWebApplication</a></td><td rowspan="1">1681622527346</td><td rowspan="1">-1681622527346</td></tr><tr class="skippedodd"><td><a href="#m12">logOutFromApplication</a></td><td rowspan="1">1681622527370</td><td rowspan="1">-1681622527370</td></tr><tr class="skippedodd"><td><a href="#m13">openBrowser</a></td><td rowspan="1">1681622527325</td><td rowspan="1">-1681622527325</td></tr><tr><th colspan="4">EdgeTest &#8212; skipped</th></tr><tr class="skippedeven"><td rowspan="2">Home_Page.VerifyExploreProductTab</td><td><a href="#m14">verifyAllTheOptionsPresentInExploreProductTab</a></td><td rowspan="1">1681622527469</td><td rowspan="1">0</td></tr><tr class="skippedeven"><td><a href="#m15">verifyTheTableNamePresentInExploreProductTab</a></td><td rowspan="1">1681622527495</td><td rowspan="1">0</td></tr><tr class="skippedodd"><td rowspan="1">Home_Page.VerifyLoginTab</td><td><a href="#m16">verifyAllTheOptionsPresentInLoginTab</a></td><td rowspan="1">1681622527355</td><td rowspan="1">0</td></tr></tbody>
<tbody id="t1"><tr><th colspan="4">FirefoxTest &#8212; failed</th></tr><tr class="failedeven"><td rowspan="1">Home_Page.VerifyExploreProductTab</td><td><a href="#m17">verifyTheTableNamePresentInExploreProductTab</a></td><td rowspan="1">1681622543742</td><td rowspan="1">332</td></tr><tr><th colspan="4">FirefoxTest &#8212; passed</th></tr><tr class="passedeven"><td rowspan="1">Home_Page.VerifyExploreProductTab</td><td><a href="#m18">verifyAllTheOptionsPresentInExploreProductTab</a></td><td rowspan="1">1681622540842</td><td rowspan="1">752</td></tr><tr class="passedodd"><td rowspan="1">Home_Page.VerifyLoginTab</td><td><a href="#m19">verifyAllTheOptionsPresentInLoginTab</a></td><td rowspan="1">1681622540510</td><td rowspan="1">492</td></tr></tbody>
<tbody id="t2"><tr><th colspan="4">ChromeTest &#8212; failed</th></tr><tr class="failedeven"><td rowspan="1">Home_Page.VerifyExploreProductTab</td><td><a href="#m20">verifyTheTableNamePresentInExploreProductTab</a></td><td rowspan="1">1681622549715</td><td rowspan="1">225</td></tr><tr><th colspan="4">ChromeTest &#8212; passed</th></tr><tr class="passedeven"><td rowspan="1">Home_Page.VerifyExploreProductTab</td><td><a href="#m21">verifyAllTheOptionsPresentInExploreProductTab</a></td><td rowspan="1">1681622532166</td><td rowspan="1">13128</td></tr><tr class="passedodd"><td rowspan="1">Home_Page.VerifyLoginTab</td><td><a href="#m22">verifyAllTheOptionsPresentInLoginTab</a></td><td rowspan="1">1681622531442</td><td rowspan="1">818</td></tr></tbody>
</table>
<h2>EdgeTest</h2><h3 id="m0">Home_Page.VerifyExploreProductTab#openBrowser</h3><table class="result"><tr class="param"><th>Parameter #1</th></tr><tr class="param stripe"><td>Edge</td></tr><tr><th>Exception</th></tr><tr><td><div class="stacktrace">org.openqa.selenium.WebDriverException: disconnected: not connected to DevTools
  (failed to check if window was closed: disconnected: not connected to DevTools)
  (Session info: MicrosoftEdge=112.0.1722.48)
Build info: version: &apos;3.141.59&apos;, revision: &apos;e82be7d358&apos;, time: &apos;2018-11-14T08:17:03&apos;
System info: host: &apos;DESKTOP-FTIU28S&apos;, ip: &apos;192.168.184.1&apos;, os.name: &apos;Windows 11&apos;, os.arch: &apos;amd64&apos;, os.version: &apos;10.0&apos;, java.version: &apos;17.0.5&apos;
Driver info: driver.version: EdgeDriver
remote stacktrace: Backtrace:
	Microsoft::Applications::Events::EventProperties::SetProperty [0x00007FF7BA98A5B2+12658]
	Microsoft::Applications::Events::EventProperty::EventProperty [0x00007FF7BA922852+747634]
	(No symbol) [0x00007FF7BA5BDD2E]
	(No symbol) [0x00007FF7BA5A7C01]
	(No symbol) [0x00007FF7BA5A9001]
	(No symbol) [0x00007FF7BA5A8F30]
	(No symbol) [0x00007FF7BA596202]
	(No symbol) [0x00007FF7BA595D7A]
	(No symbol) [0x00007FF7BA627316]
	(No symbol) [0x00007FF7BA61F1C3]
	(No symbol) [0x00007FF7BA5F17D6]
	(No symbol) [0x00007FF7BA5F09B5]
	(No symbol) [0x00007FF7BA5F1F44]
	Microsoft::Applications::Events::EventProperties::SetProperty [0x00007FF7BA835520+147088]
	(No symbol) [0x00007FF7BA6D91B6]
	Microsoft::Applications::Events::EventProperty::EventProperty [0x00007FF7BA874487+33959]
	Microsoft::Applications::Events::EventProperty::EventProperty [0x00007FF7BA877F55+49013]
	Microsoft::Applications::Events::ILogManager::DispatchEventBroadcast [0x00007FF7BAB69923+1305299]
	Microsoft::Applications::Events::EventProperty::EventProperty [0x00007FF7BA92AE0C+781868]
	Microsoft::Applications::Events::EventProperty::EventProperty [0x00007FF7BA930334+803668]
	Microsoft::Applications::Events::EventProperty::EventProperty [0x00007FF7BA93048C+804012]
	Microsoft::Applications::Events::EventProperty::EventProperty [0x00007FF7BA938591+837041]
	BaseThreadInitThunk [0x00007FFA06BD269D+29]
	RtlUserThreadStart [0x00007FFA07FEA9F8+40]

	at org.openqa.selenium.remote.W3CHandshakeResponse.lambda$errorHandler$0(W3CHandshakeResponse.java:62)
	at org.openqa.selenium.remote.HandshakeResponse.lambda$getResponseFunction$0(HandshakeResponse.java:30)
	at org.openqa.selenium.remote.ProtocolHandshake.lambda$createSession$0(ProtocolHandshake.java:126)
	at java.base/java.util.stream.ReferencePipeline$3$1.accept(ReferencePipeline.java:197)
	at java.base/java.util.Spliterators$ArraySpliterator.tryAdvance(Spliterators.java:1002)
	at java.base/java.util.stream.ReferencePipeline.forEachWithCancel(ReferencePipeline.java:129)
	at java.base/java.util.stream.AbstractPipeline.copyIntoWithCancel(AbstractPipeline.java:527)
	at java.base/java.util.stream.AbstractPipeline.copyInto(AbstractPipeline.java:513)
	at java.base/java.util.stream.AbstractPipeline.wrapAndCopyInto(AbstractPipeline.java:499)
	at java.base/java.util.stream.FindOps$FindOp.evaluateSequential(FindOps.java:150)
	at java.base/java.util.stream.AbstractPipeline.evaluate(AbstractPipeline.java:234)
	at java.base/java.util.stream.ReferencePipeline.findFirst(ReferencePipeline.java:647)
	at org.openqa.selenium.remote.ProtocolHandshake.createSession(ProtocolHandshake.java:128)
	at org.openqa.selenium.remote.ProtocolHandshake.createSession(ProtocolHandshake.java:74)
	at org.openqa.selenium.remote.HttpCommandExecutor.execute(HttpCommandExecutor.java:136)
	at org.openqa.selenium.remote.service.DriverCommandExecutor.execute(DriverCommandExecutor.java:83)
	at org.openqa.selenium.remote.RemoteWebDriver.execute(RemoteWebDriver.java:552)
	at org.openqa.selenium.remote.RemoteWebDriver.startSession(RemoteWebDriver.java:213)
	at org.openqa.selenium.remote.RemoteWebDriver.&lt;init&gt;(RemoteWebDriver.java:131)
	at org.openqa.selenium.edge.EdgeDriver.&lt;init&gt;(EdgeDriver.java:141)
	at org.openqa.selenium.edge.EdgeDriver.&lt;init&gt;(EdgeDriver.java:96)
	at Browser_Setup.Base.openEdgeBrowser(Base.java:26)
	at Home_Page.VerifyExploreProductTab.openBrowser(VerifyExploreProductTab.java:61)
	at java.base/java.util.concurrent.FutureTask.run(FutureTask.java:264)
	at java.base/java.util.concurrent.ThreadPoolExecutor.runWorker(ThreadPoolExecutor.java:1136)
	at java.base/java.util.concurrent.ThreadPoolExecutor$Worker.run(ThreadPoolExecutor.java:635)
	at java.base/java.lang.Thread.run(Thread.java:833)
... Removed 20 stack frames</div></td></tr></table><p class="totop"><a href="#summary">back to summary</a></p>
<h3 id="m1">Home_Page.VerifyExploreProductTab#clearObject</h3><table class="result"><tr><th class="invisible"/></tr></table><p class="totop"><a href="#summary">back to summary</a></p>
<h3 id="m2">Home_Page.VerifyExploreProductTab#closedTheBrowser</h3><table class="result"><tr><th class="invisible"/></tr></table><p class="totop"><a href="#summary">back to summary</a></p>
<h3 id="m3">Home_Page.VerifyExploreProductTab#createPomObject</h3><table class="result"><tr><th class="invisible"/></tr></table><p class="totop"><a href="#summary">back to summary</a></p>
<h3 id="m4">Home_Page.VerifyExploreProductTab#launchWebApplication</h3><table class="result"><tr><th class="invisible"/></tr></table><p class="totop"><a href="#summary">back to summary</a></p>
<h3 id="m5">Home_Page.VerifyExploreProductTab#launchWebApplication</h3><table class="result"><tr><th class="invisible"/></tr></table><p class="totop"><a href="#summary">back to summary</a></p>
<h3 id="m6">Home_Page.VerifyExploreProductTab#logOutFromApplication</h3><table class="result"><tr><th class="invisible"/></tr></table><p class="totop"><a href="#summary">back to summary</a></p>
<h3 id="m7">Home_Page.VerifyExploreProductTab#logOutFromApplication</h3><table class="result"><tr><th class="invisible"/></tr></table><p class="totop"><a href="#summary">back to summary</a></p>
<h3 id="m8">Home_Page.VerifyLoginTab#clearObject</h3><table class="result"><tr><th class="invisible"/></tr></table><p class="totop"><a href="#summary">back to summary</a></p>
<h3 id="m9">Home_Page.VerifyLoginTab#closedTheBrowser</h3><table class="result"><tr><th class="invisible"/></tr></table><p class="totop"><a href="#summary">back to summary</a></p>
<h3 id="m10">Home_Page.VerifyLoginTab#createPomObject</h3><table class="result"><tr><th class="invisible"/></tr></table><p class="totop"><a href="#summary">back to summary</a></p>
<h3 id="m11">Home_Page.VerifyLoginTab#launchWebApplication</h3><table class="result"><tr><th class="invisible"/></tr></table><p class="totop"><a href="#summary">back to summary</a></p>
<h3 id="m12">Home_Page.VerifyLoginTab#logOutFromApplication</h3><table class="result"><tr><th class="invisible"/></tr></table><p class="totop"><a href="#summary">back to summary</a></p>
<h3 id="m13">Home_Page.VerifyLoginTab#openBrowser</h3><table class="result"><tr><th class="invisible"/></tr></table><p class="totop"><a href="#summary">back to summary</a></p>
<h3 id="m14">Home_Page.VerifyExploreProductTab#verifyAllTheOptionsPresentInExploreProductTab</h3><table class="result"><tr><th>Exception</th></tr><tr><td><div class="stacktrace">org.openqa.selenium.WebDriverException: disconnected: not connected to DevTools
  (failed to check if window was closed: disconnected: not connected to DevTools)
  (Session info: MicrosoftEdge=112.0.1722.48)
Build info: version: &apos;3.141.59&apos;, revision: &apos;e82be7d358&apos;, time: &apos;2018-11-14T08:17:03&apos;
System info: host: &apos;DESKTOP-FTIU28S&apos;, ip: &apos;192.168.184.1&apos;, os.name: &apos;Windows 11&apos;, os.arch: &apos;amd64&apos;, os.version: &apos;10.0&apos;, java.version: &apos;17.0.5&apos;
Driver info: driver.version: EdgeDriver
remote stacktrace: Backtrace:
	Microsoft::Applications::Events::EventProperties::SetProperty [0x00007FF7BA98A5B2+12658]
	Microsoft::Applications::Events::EventProperty::EventProperty [0x00007FF7BA922852+747634]
	(No symbol) [0x00007FF7BA5BDD2E]
	(No symbol) [0x00007FF7BA5A7C01]
	(No symbol) [0x00007FF7BA5A9001]
	(No symbol) [0x00007FF7BA5A8F30]
	(No symbol) [0x00007FF7BA596202]
	(No symbol) [0x00007FF7BA595D7A]
	(No symbol) [0x00007FF7BA627316]
	(No symbol) [0x00007FF7BA61F1C3]
	(No symbol) [0x00007FF7BA5F17D6]
	(No symbol) [0x00007FF7BA5F09B5]
	(No symbol) [0x00007FF7BA5F1F44]
	Microsoft::Applications::Events::EventProperties::SetProperty [0x00007FF7BA835520+147088]
	(No symbol) [0x00007FF7BA6D91B6]
	Microsoft::Applications::Events::EventProperty::EventProperty [0x00007FF7BA874487+33959]
	Microsoft::Applications::Events::EventProperty::EventProperty [0x00007FF7BA877F55+49013]
	Microsoft::Applications::Events::ILogManager::DispatchEventBroadcast [0x00007FF7BAB69923+1305299]
	Microsoft::Applications::Events::EventProperty::EventProperty [0x00007FF7BA92AE0C+781868]
	Microsoft::Applications::Events::EventProperty::EventProperty [0x00007FF7BA930334+803668]
	Microsoft::Applications::Events::EventProperty::EventProperty [0x00007FF7BA93048C+804012]
	Microsoft::Applications::Events::EventProperty::EventProperty [0x00007FF7BA938591+837041]
	BaseThreadInitThunk [0x00007FFA06BD269D+29]
	RtlUserThreadStart [0x00007FFA07FEA9F8+40]

	at org.openqa.selenium.remote.W3CHandshakeResponse.lambda$errorHandler$0(W3CHandshakeResponse.java:62)
	at org.openqa.selenium.remote.HandshakeResponse.lambda$getResponseFunction$0(HandshakeResponse.java:30)
	at org.openqa.selenium.remote.ProtocolHandshake.lambda$createSession$0(ProtocolHandshake.java:126)
	at java.base/java.util.stream.ReferencePipeline$3$1.accept(ReferencePipeline.java:197)
	at java.base/java.util.Spliterators$ArraySpliterator.tryAdvance(Spliterators.java:1002)
	at java.base/java.util.stream.ReferencePipeline.forEachWithCancel(ReferencePipeline.java:129)
	at java.base/java.util.stream.AbstractPipeline.copyIntoWithCancel(AbstractPipeline.java:527)
	at java.base/java.util.stream.AbstractPipeline.copyInto(AbstractPipeline.java:513)
	at java.base/java.util.stream.AbstractPipeline.wrapAndCopyInto(AbstractPipeline.java:499)
	at java.base/java.util.stream.FindOps$FindOp.evaluateSequential(FindOps.java:150)
	at java.base/java.util.stream.AbstractPipeline.evaluate(AbstractPipeline.java:234)
	at java.base/java.util.stream.ReferencePipeline.findFirst(ReferencePipeline.java:647)
	at org.openqa.selenium.remote.ProtocolHandshake.createSession(ProtocolHandshake.java:128)
	at org.openqa.selenium.remote.ProtocolHandshake.createSession(ProtocolHandshake.java:74)
	at org.openqa.selenium.remote.HttpCommandExecutor.execute(HttpCommandExecutor.java:136)
	at org.openqa.selenium.remote.service.DriverCommandExecutor.execute(DriverCommandExecutor.java:83)
	at org.openqa.selenium.remote.RemoteWebDriver.execute(RemoteWebDriver.java:552)
	at org.openqa.selenium.remote.RemoteWebDriver.startSession(RemoteWebDriver.java:213)
	at org.openqa.selenium.remote.RemoteWebDriver.&lt;init&gt;(RemoteWebDriver.java:131)
	at org.openqa.selenium.edge.EdgeDriver.&lt;init&gt;(EdgeDriver.java:141)
	at org.openqa.selenium.edge.EdgeDriver.&lt;init&gt;(EdgeDriver.java:96)
	at Browser_Setup.Base.openEdgeBrowser(Base.java:26)
	at Home_Page.VerifyExploreProductTab.openBrowser(VerifyExploreProductTab.java:61)
	at java.base/java.util.concurrent.FutureTask.run(FutureTask.java:264)
	at java.base/java.util.concurrent.ThreadPoolExecutor.runWorker(ThreadPoolExecutor.java:1136)
	at java.base/java.util.concurrent.ThreadPoolExecutor$Worker.run(ThreadPoolExecutor.java:635)
	at java.base/java.lang.Thread.run(Thread.java:833)
... Removed 20 stack frames</div></td></tr></table><p class="totop"><a href="#summary">back to summary</a></p>
<h3 id="m15">Home_Page.VerifyExploreProductTab#verifyTheTableNamePresentInExploreProductTab</h3><table class="result"><tr><th>Exception</th></tr><tr><td><div class="stacktrace">org.openqa.selenium.WebDriverException: disconnected: not connected to DevTools
  (failed to check if window was closed: disconnected: not connected to DevTools)
  (Session info: MicrosoftEdge=112.0.1722.48)
Build info: version: &apos;3.141.59&apos;, revision: &apos;e82be7d358&apos;, time: &apos;2018-11-14T08:17:03&apos;
System info: host: &apos;DESKTOP-FTIU28S&apos;, ip: &apos;192.168.184.1&apos;, os.name: &apos;Windows 11&apos;, os.arch: &apos;amd64&apos;, os.version: &apos;10.0&apos;, java.version: &apos;17.0.5&apos;
Driver info: driver.version: EdgeDriver
remote stacktrace: Backtrace:
	Microsoft::Applications::Events::EventProperties::SetProperty [0x00007FF7BA98A5B2+12658]
	Microsoft::Applications::Events::EventProperty::EventProperty [0x00007FF7BA922852+747634]
	(No symbol) [0x00007FF7BA5BDD2E]
	(No symbol) [0x00007FF7BA5A7C01]
	(No symbol) [0x00007FF7BA5A9001]
	(No symbol) [0x00007FF7BA5A8F30]
	(No symbol) [0x00007FF7BA596202]
	(No symbol) [0x00007FF7BA595D7A]
	(No symbol) [0x00007FF7BA627316]
	(No symbol) [0x00007FF7BA61F1C3]
	(No symbol) [0x00007FF7BA5F17D6]
	(No symbol) [0x00007FF7BA5F09B5]
	(No symbol) [0x00007FF7BA5F1F44]
	Microsoft::Applications::Events::EventProperties::SetProperty [0x00007FF7BA835520+147088]
	(No symbol) [0x00007FF7BA6D91B6]
	Microsoft::Applications::Events::EventProperty::EventProperty [0x00007FF7BA874487+33959]
	Microsoft::Applications::Events::EventProperty::EventProperty [0x00007FF7BA877F55+49013]
	Microsoft::Applications::Events::ILogManager::DispatchEventBroadcast [0x00007FF7BAB69923+1305299]
	Microsoft::Applications::Events::EventProperty::EventProperty [0x00007FF7BA92AE0C+781868]
	Microsoft::Applications::Events::EventProperty::EventProperty [0x00007FF7BA930334+803668]
	Microsoft::Applications::Events::EventProperty::EventProperty [0x00007FF7BA93048C+804012]
	Microsoft::Applications::Events::EventProperty::EventProperty [0x00007FF7BA938591+837041]
	BaseThreadInitThunk [0x00007FFA06BD269D+29]
	RtlUserThreadStart [0x00007FFA07FEA9F8+40]

	at org.openqa.selenium.remote.W3CHandshakeResponse.lambda$errorHandler$0(W3CHandshakeResponse.java:62)
	at org.openqa.selenium.remote.HandshakeResponse.lambda$getResponseFunction$0(HandshakeResponse.java:30)
	at org.openqa.selenium.remote.ProtocolHandshake.lambda$createSession$0(ProtocolHandshake.java:126)
	at java.base/java.util.stream.ReferencePipeline$3$1.accept(ReferencePipeline.java:197)
	at java.base/java.util.Spliterators$ArraySpliterator.tryAdvance(Spliterators.java:1002)
	at java.base/java.util.stream.ReferencePipeline.forEachWithCancel(ReferencePipeline.java:129)
	at java.base/java.util.stream.AbstractPipeline.copyIntoWithCancel(AbstractPipeline.java:527)
	at java.base/java.util.stream.AbstractPipeline.copyInto(AbstractPipeline.java:513)
	at java.base/java.util.stream.AbstractPipeline.wrapAndCopyInto(AbstractPipeline.java:499)
	at java.base/java.util.stream.FindOps$FindOp.evaluateSequential(FindOps.java:150)
	at java.base/java.util.stream.AbstractPipeline.evaluate(AbstractPipeline.java:234)
	at java.base/java.util.stream.ReferencePipeline.findFirst(ReferencePipeline.java:647)
	at org.openqa.selenium.remote.ProtocolHandshake.createSession(ProtocolHandshake.java:128)
	at org.openqa.selenium.remote.ProtocolHandshake.createSession(ProtocolHandshake.java:74)
	at org.openqa.selenium.remote.HttpCommandExecutor.execute(HttpCommandExecutor.java:136)
	at org.openqa.selenium.remote.service.DriverCommandExecutor.execute(DriverCommandExecutor.java:83)
	at org.openqa.selenium.remote.RemoteWebDriver.execute(RemoteWebDriver.java:552)
	at org.openqa.selenium.remote.RemoteWebDriver.startSession(RemoteWebDriver.java:213)
	at org.openqa.selenium.remote.RemoteWebDriver.&lt;init&gt;(RemoteWebDriver.java:131)
	at org.openqa.selenium.edge.EdgeDriver.&lt;init&gt;(EdgeDriver.java:141)
	at org.openqa.selenium.edge.EdgeDriver.&lt;init&gt;(EdgeDriver.java:96)
	at Browser_Setup.Base.openEdgeBrowser(Base.java:26)
	at Home_Page.VerifyExploreProductTab.openBrowser(VerifyExploreProductTab.java:61)
	at java.base/java.util.concurrent.FutureTask.run(FutureTask.java:264)
	at java.base/java.util.concurrent.ThreadPoolExecutor.runWorker(ThreadPoolExecutor.java:1136)
	at java.base/java.util.concurrent.ThreadPoolExecutor$Worker.run(ThreadPoolExecutor.java:635)
	at java.base/java.lang.Thread.run(Thread.java:833)
... Removed 20 stack frames</div></td></tr></table><p class="totop"><a href="#summary">back to summary</a></p>
<h3 id="m16">Home_Page.VerifyLoginTab#verifyAllTheOptionsPresentInLoginTab</h3><table class="result"><tr><th>Exception</th></tr><tr><td><div class="stacktrace">org.openqa.selenium.WebDriverException: disconnected: not connected to DevTools
  (failed to check if window was closed: disconnected: not connected to DevTools)
  (Session info: MicrosoftEdge=112.0.1722.48)
Build info: version: &apos;3.141.59&apos;, revision: &apos;e82be7d358&apos;, time: &apos;2018-11-14T08:17:03&apos;
System info: host: &apos;DESKTOP-FTIU28S&apos;, ip: &apos;192.168.184.1&apos;, os.name: &apos;Windows 11&apos;, os.arch: &apos;amd64&apos;, os.version: &apos;10.0&apos;, java.version: &apos;17.0.5&apos;
Driver info: driver.version: EdgeDriver
remote stacktrace: Backtrace:
	Microsoft::Applications::Events::EventProperties::SetProperty [0x00007FF7BA98A5B2+12658]
	Microsoft::Applications::Events::EventProperty::EventProperty [0x00007FF7BA922852+747634]
	(No symbol) [0x00007FF7BA5BDD2E]
	(No symbol) [0x00007FF7BA5A7C01]
	(No symbol) [0x00007FF7BA5A9001]
	(No symbol) [0x00007FF7BA5A8F30]
	(No symbol) [0x00007FF7BA596202]
	(No symbol) [0x00007FF7BA595D7A]
	(No symbol) [0x00007FF7BA627316]
	(No symbol) [0x00007FF7BA61F1C3]
	(No symbol) [0x00007FF7BA5F17D6]
	(No symbol) [0x00007FF7BA5F09B5]
	(No symbol) [0x00007FF7BA5F1F44]
	Microsoft::Applications::Events::EventProperties::SetProperty [0x00007FF7BA835520+147088]
	(No symbol) [0x00007FF7BA6D91B6]
	Microsoft::Applications::Events::EventProperty::EventProperty [0x00007FF7BA874487+33959]
	Microsoft::Applications::Events::EventProperty::EventProperty [0x00007FF7BA877F55+49013]
	Microsoft::Applications::Events::ILogManager::DispatchEventBroadcast [0x00007FF7BAB69923+1305299]
	Microsoft::Applications::Events::EventProperty::EventProperty [0x00007FF7BA92AE0C+781868]
	Microsoft::Applications::Events::EventProperty::EventProperty [0x00007FF7BA930334+803668]
	Microsoft::Applications::Events::EventProperty::EventProperty [0x00007FF7BA93048C+804012]
	Microsoft::Applications::Events::EventProperty::EventProperty [0x00007FF7BA938591+837041]
	BaseThreadInitThunk [0x00007FFA06BD269D+29]
	RtlUserThreadStart [0x00007FFA07FEA9F8+40]

	at org.openqa.selenium.remote.W3CHandshakeResponse.lambda$errorHandler$0(W3CHandshakeResponse.java:62)
	at org.openqa.selenium.remote.HandshakeResponse.lambda$getResponseFunction$0(HandshakeResponse.java:30)
	at org.openqa.selenium.remote.ProtocolHandshake.lambda$createSession$0(ProtocolHandshake.java:126)
	at java.base/java.util.stream.ReferencePipeline$3$1.accept(ReferencePipeline.java:197)
	at java.base/java.util.Spliterators$ArraySpliterator.tryAdvance(Spliterators.java:1002)
	at java.base/java.util.stream.ReferencePipeline.forEachWithCancel(ReferencePipeline.java:129)
	at java.base/java.util.stream.AbstractPipeline.copyIntoWithCancel(AbstractPipeline.java:527)
	at java.base/java.util.stream.AbstractPipeline.copyInto(AbstractPipeline.java:513)
	at java.base/java.util.stream.AbstractPipeline.wrapAndCopyInto(AbstractPipeline.java:499)
	at java.base/java.util.stream.FindOps$FindOp.evaluateSequential(FindOps.java:150)
	at java.base/java.util.stream.AbstractPipeline.evaluate(AbstractPipeline.java:234)
	at java.base/java.util.stream.ReferencePipeline.findFirst(ReferencePipeline.java:647)
	at org.openqa.selenium.remote.ProtocolHandshake.createSession(ProtocolHandshake.java:128)
	at org.openqa.selenium.remote.ProtocolHandshake.createSession(ProtocolHandshake.java:74)
	at org.openqa.selenium.remote.HttpCommandExecutor.execute(HttpCommandExecutor.java:136)
	at org.openqa.selenium.remote.service.DriverCommandExecutor.execute(DriverCommandExecutor.java:83)
	at org.openqa.selenium.remote.RemoteWebDriver.execute(RemoteWebDriver.java:552)
	at org.openqa.selenium.remote.RemoteWebDriver.startSession(RemoteWebDriver.java:213)
	at org.openqa.selenium.remote.RemoteWebDriver.&lt;init&gt;(RemoteWebDriver.java:131)
	at org.openqa.selenium.edge.EdgeDriver.&lt;init&gt;(EdgeDriver.java:141)
	at org.openqa.selenium.edge.EdgeDriver.&lt;init&gt;(EdgeDriver.java:96)
	at Browser_Setup.Base.openEdgeBrowser(Base.java:26)
	at Home_Page.VerifyExploreProductTab.openBrowser(VerifyExploreProductTab.java:61)
	at java.base/java.util.concurrent.FutureTask.run(FutureTask.java:264)
	at java.base/java.util.concurrent.ThreadPoolExecutor.runWorker(ThreadPoolExecutor.java:1136)
	at java.base/java.util.concurrent.ThreadPoolExecutor$Worker.run(ThreadPoolExecutor.java:635)
	at java.base/java.lang.Thread.run(Thread.java:833)
... Removed 20 stack frames</div></td></tr></table><p class="totop"><a href="#summary">back to summary</a></p>
<h2>FirefoxTest</h2><h3 id="m17">Home_Page.VerifyExploreProductTab#verifyTheTableNamePresentInExploreProductTab</h3><table class="result"><tr><th>Exception</th></tr><tr><td><div class="stacktrace">java.lang.AssertionError: The following asserts failed:
	expected [Retail] but found [],
	expected [Agri and Rural] but found []
	at Home_Page.VerifyExploreProductTab.verifyTheTableNamePresentInExploreProductTab(VerifyExploreProductTab.java:101)
	at java.base/java.util.concurrent.ThreadPoolExecutor.runWorker(ThreadPoolExecutor.java:1136)
	at java.base/java.util.concurrent.ThreadPoolExecutor$Worker.run(ThreadPoolExecutor.java:635)
	at java.base/java.lang.Thread.run(Thread.java:833)
... Removed 14 stack frames</div></td></tr></table><p class="totop"><a href="#summary">back to summary</a></p>
<h3 id="m18">Home_Page.VerifyExploreProductTab#verifyAllTheOptionsPresentInExploreProductTab</h3><table class="result"><tr><th class="invisible"/></tr></table><p class="totop"><a href="#summary">back to summary</a></p>
<h3 id="m19">Home_Page.VerifyLoginTab#verifyAllTheOptionsPresentInLoginTab</h3><table class="result"><tr><th class="invisible"/></tr></table><p class="totop"><a href="#summary">back to summary</a></p>
<h2>ChromeTest</h2><h3 id="m20">Home_Page.VerifyExploreProductTab#verifyTheTableNamePresentInExploreProductTab</h3><table class="result"><tr><th>Exception</th></tr><tr><td><div class="stacktrace">java.lang.AssertionError: The following asserts failed:
	expected [Retail] but found [],
	expected [Agri and Rural] but found []
	at Home_Page.VerifyExploreProductTab.verifyTheTableNamePresentInExploreProductTab(VerifyExploreProductTab.java:101)
	at java.base/java.util.concurrent.ThreadPoolExecutor.runWorker(ThreadPoolExecutor.java:1136)
	at java.base/java.util.concurrent.ThreadPoolExecutor$Worker.run(ThreadPoolExecutor.java:635)
	at java.base/java.lang.Thread.run(Thread.java:833)
... Removed 14 stack frames</div></td></tr></table><p class="totop"><a href="#summary">back to summary</a></p>
<h3 id="m21">Home_Page.VerifyExploreProductTab#verifyAllTheOptionsPresentInExploreProductTab</h3><table class="result"><tr><th class="invisible"/></tr></table><p class="totop"><a href="#summary">back to summary</a></p>
<h3 id="m22">Home_Page.VerifyLoginTab#verifyAllTheOptionsPresentInLoginTab</h3><table class="result"><tr><th class="invisible"/></tr></table><p class="totop"><a href="#summary">back to summary</a></p>
</body>
</html>
