<?xml version="1.0" encoding="UTF-8"?>
<!-- Generated by org.testng.reporters.JUnitReportReporter -->
<testsuite hostname="DESKTOP-FTIU28S" failures="2" tests="7" name="Home_Page.VerifyExploreProductTab" time="42.132" errors="1" timestamp="2023-04-16T10:52:32 IST" skipped="2">
  <testcase classname="Home_Page.VerifyExploreProductTab" name="verifyAllTheOptionsPresentInExploreProductTab" time="19.222"/>
  <system-out/>
  <testcase classname="Home_Page.VerifyExploreProductTab" name="verifyTheTableNamePresentInExploreProductTab" time="0.000">
    <skipped/>
  </testcase> <!-- verifyTheTableNamePresentInExploreProductTab -->
  <system-out/>
  <testcase classname="Home_Page.VerifyExploreProductTab" name="verifyTheTableNamePresentInExploreProductTab" time="7.780">
    <failure message="The following asserts failed:
	expected [Retail] but found [],
	expected [Agri and Rural] but found []" type="java.lang.AssertionError">
      <![CDATA[java.lang.AssertionError: The following asserts failed:
expected [Retail] but found [],
expected [Agri and Rural] but found []
at org.testng.asserts.SoftAssert.assertAll(SoftAssert.java:47)
at org.testng.asserts.SoftAssert.assertAll(SoftAssert.java:31)
at Home_Page.VerifyExploreProductTab.verifyTheTableNamePresentInExploreProductTab(VerifyExploreProductTab.java:101)
at java.base/jdk.internal.reflect.NativeMethodAccessorImpl.invoke0(Native Method)
at java.base/jdk.internal.reflect.NativeMethodAccessorImpl.invoke(NativeMethodAccessorImpl.java:77)
at java.base/jdk.internal.reflect.DelegatingMethodAccessorImpl.invoke(DelegatingMethodAccessorImpl.java:43)
at java.base/java.lang.reflect.Method.invoke(Method.java:568)
at org.testng.internal.MethodInvocationHelper.invokeMethod(MethodInvocationHelper.java:133)
at org.testng.internal.TestInvoker.invokeMethod(TestInvoker.java:598)
at org.testng.internal.TestInvoker.invokeTestMethod(TestInvoker.java:173)
at org.testng.internal.MethodRunner.runInSequence(MethodRunner.java:46)
at org.testng.internal.TestInvoker$MethodInvocationAgent.invoke(TestInvoker.java:824)
at org.testng.internal.TestInvoker.invokeTestMethods(TestInvoker.java:146)
at org.testng.internal.TestMethodWorker.invokeTestMethods(TestMethodWorker.java:146)
at org.testng.internal.TestMethodWorker.run(TestMethodWorker.java:128)
at java.base/java.util.concurrent.ThreadPoolExecutor.runWorker(ThreadPoolExecutor.java:1136)
at java.base/java.util.concurrent.ThreadPoolExecutor$Worker.run(ThreadPoolExecutor.java:635)
at java.base/java.lang.Thread.run(Thread.java:833)
]]>
    </failure>
  </testcase> <!-- verifyTheTableNamePresentInExploreProductTab -->
  <system-out/>
  <testcase classname="Home_Page.VerifyExploreProductTab" name="openBrowser" time="5.141">
    <error message="disconnected: not connected to DevTools
  (failed to check if window was closed: disconnected: not connected to DevTools)
  (Session info: MicrosoftEdge=112.0.1722.48)
Build info: version: &#039;3.141.59&#039;, revision: &#039;e82be7d358&#039;, time: &#039;2018-11-14T08:17:03&#039;
System info: host: &#039;DESKTOP-FTIU28S&#039;, ip: &#039;192.168.184.1&#039;, os.name: &#039;Windows 11&#039;, os.arch: &#039;amd64&#039;, os.version: &#039;10.0&#039;, java.version: &#039;17.0.5&#039;
Driver info: driver.version: EdgeDriver
remote stacktrace: Backtrace:
	Microsoft::Applications::Events::EventProperties::SetProperty [0x00007FF7BA98A5B2+12658]
	Microsoft::Applications::Events::EventProperty::EventProperty [0x00007FF7BA922852+747634]
	(No symbol) [0x00007FF7BA5BDD2E]
	(No symbol) [0x00007FF7BA5A7C01]
	(No symbol) [0x00007FF7BA5A9001]
	(No symbol) [0x00007FF7BA5A8F30]
	(No symbol) [0x00007FF7BA596202]
	(No symbol) [0x00007FF7BA595D7A]
	(No symbol) [0x00007FF7BA627316]
	(No symbol) [0x00007FF7BA61F1C3]
	(No symbol) [0x00007FF7BA5F17D6]
	(No symbol) [0x00007FF7BA5F09B5]
	(No symbol) [0x00007FF7BA5F1F44]
	Microsoft::Applications::Events::EventProperties::SetProperty [0x00007FF7BA835520+147088]
	(No symbol) [0x00007FF7BA6D91B6]
	Microsoft::Applications::Events::EventProperty::EventProperty [0x00007FF7BA874487+33959]
	Microsoft::Applications::Events::EventProperty::EventProperty [0x00007FF7BA877F55+49013]
	Microsoft::Applications::Events::ILogManager::DispatchEventBroadcast [0x00007FF7BAB69923+1305299]
	Microsoft::Applications::Events::EventProperty::EventProperty [0x00007FF7BA92AE0C+781868]
	Microsoft::Applications::Events::EventProperty::EventProperty [0x00007FF7BA930334+803668]
	Microsoft::Applications::Events::EventProperty::EventProperty [0x00007FF7BA93048C+804012]
	Microsoft::Applications::Events::EventProperty::EventProperty [0x00007FF7BA938591+837041]
	BaseThreadInitThunk [0x00007FFA06BD269D+29]
	RtlUserThreadStart [0x00007FFA07FEA9F8+40]
" type="org.openqa.selenium.WebDriverException">
      <![CDATA[org.openqa.selenium.WebDriverException: disconnected: not connected to DevTools
  (failed to check if window was closed: disconnected: not connected to DevTools)
  (Session info: MicrosoftEdge=112.0.1722.48)
Build info: version: '3.141.59', revision: 'e82be7d358', time: '2018-11-14T08:17:03'
System info: host: 'DESKTOP-FTIU28S', ip: '192.168.184.1', os.name: 'Windows 11', os.arch: 'amd64', os.version: '10.0', java.version: '17.0.5'
Driver info: driver.version: EdgeDriver
remote stacktrace: Backtrace:
Microsoft::Applications::Events::EventProperties::SetProperty [0x00007FF7BA98A5B2+12658]
Microsoft::Applications::Events::EventProperty::EventProperty [0x00007FF7BA922852+747634]
(No symbol) [0x00007FF7BA5BDD2E]
(No symbol) [0x00007FF7BA5A7C01]
(No symbol) [0x00007FF7BA5A9001]
(No symbol) [0x00007FF7BA5A8F30]
(No symbol) [0x00007FF7BA596202]
(No symbol) [0x00007FF7BA595D7A]
(No symbol) [0x00007FF7BA627316]
(No symbol) [0x00007FF7BA61F1C3]
(No symbol) [0x00007FF7BA5F17D6]
(No symbol) [0x00007FF7BA5F09B5]
(No symbol) [0x00007FF7BA5F1F44]
Microsoft::Applications::Events::EventProperties::SetProperty [0x00007FF7BA835520+147088]
(No symbol) [0x00007FF7BA6D91B6]
Microsoft::Applications::Events::EventProperty::EventProperty [0x00007FF7BA874487+33959]
Microsoft::Applications::Events::EventProperty::EventProperty [0x00007FF7BA877F55+49013]
Microsoft::Applications::Events::ILogManager::DispatchEventBroadcast [0x00007FF7BAB69923+1305299]
Microsoft::Applications::Events::EventProperty::EventProperty [0x00007FF7BA92AE0C+781868]
Microsoft::Applications::Events::EventProperty::EventProperty [0x00007FF7BA930334+803668]
Microsoft::Applications::Events::EventProperty::EventProperty [0x00007FF7BA93048C+804012]
Microsoft::Applications::Events::EventProperty::EventProperty [0x00007FF7BA938591+837041]
BaseThreadInitThunk [0x00007FFA06BD269D+29]
RtlUserThreadStart [0x00007FFA07FEA9F8+40]

at java.base/jdk.internal.reflect.NativeConstructorAccessorImpl.newInstance0(Native Method)
at java.base/jdk.internal.reflect.NativeConstructorAccessorImpl.newInstance(NativeConstructorAccessorImpl.java:77)
at java.base/jdk.internal.reflect.DelegatingConstructorAccessorImpl.newInstance(DelegatingConstructorAccessorImpl.java:45)
at java.base/java.lang.reflect.Constructor.newInstanceWithCaller(Constructor.java:499)
at java.base/java.lang.reflect.Constructor.newInstance(Constructor.java:480)
at org.openqa.selenium.remote.W3CHandshakeResponse.lambda$errorHandler$0(W3CHandshakeResponse.java:62)
at org.openqa.selenium.remote.HandshakeResponse.lambda$getResponseFunction$0(HandshakeResponse.java:30)
at org.openqa.selenium.remote.ProtocolHandshake.lambda$createSession$0(ProtocolHandshake.java:126)
at java.base/java.util.stream.ReferencePipeline$3$1.accept(ReferencePipeline.java:197)
at java.base/java.util.Spliterators$ArraySpliterator.tryAdvance(Spliterators.java:1002)
at java.base/java.util.stream.ReferencePipeline.forEachWithCancel(ReferencePipeline.java:129)
at java.base/java.util.stream.AbstractPipeline.copyIntoWithCancel(AbstractPipeline.java:527)
at java.base/java.util.stream.AbstractPipeline.copyInto(AbstractPipeline.java:513)
at java.base/java.util.stream.AbstractPipeline.wrapAndCopyInto(AbstractPipeline.java:499)
at java.base/java.util.stream.FindOps$FindOp.evaluateSequential(FindOps.java:150)
at java.base/java.util.stream.AbstractPipeline.evaluate(AbstractPipeline.java:234)
at java.base/java.util.stream.ReferencePipeline.findFirst(ReferencePipeline.java:647)
at org.openqa.selenium.remote.ProtocolHandshake.createSession(ProtocolHandshake.java:128)
at org.openqa.selenium.remote.ProtocolHandshake.createSession(ProtocolHandshake.java:74)
at org.openqa.selenium.remote.HttpCommandExecutor.execute(HttpCommandExecutor.java:136)
at org.openqa.selenium.remote.service.DriverCommandExecutor.execute(DriverCommandExecutor.java:83)
at org.openqa.selenium.remote.RemoteWebDriver.execute(RemoteWebDriver.java:552)
at org.openqa.selenium.remote.RemoteWebDriver.startSession(RemoteWebDriver.java:213)
at org.openqa.selenium.remote.RemoteWebDriver.<init>(RemoteWebDriver.java:131)
at org.openqa.selenium.edge.EdgeDriver.<init>(EdgeDriver.java:141)
at org.openqa.selenium.edge.EdgeDriver.<init>(EdgeDriver.java:96)
at Browser_Setup.Base.openEdgeBrowser(Base.java:26)
at Home_Page.VerifyExploreProductTab.openBrowser(VerifyExploreProductTab.java:61)
at java.base/jdk.internal.reflect.NativeMethodAccessorImpl.invoke0(Native Method)
at java.base/jdk.internal.reflect.NativeMethodAccessorImpl.invoke(NativeMethodAccessorImpl.java:77)
at java.base/jdk.internal.reflect.DelegatingMethodAccessorImpl.invoke(DelegatingMethodAccessorImpl.java:43)
at java.base/java.lang.reflect.Method.invoke(Method.java:568)
at org.testng.internal.MethodInvocationHelper.invokeMethod(MethodInvocationHelper.java:133)
at org.testng.internal.MethodInvocationHelper.invokeMethodConsideringTimeout(MethodInvocationHelper.java:62)
at org.testng.internal.ConfigInvoker.invokeConfigurationMethod(ConfigInvoker.java:385)
at org.testng.internal.ConfigInvoker.invokeConfigurations(ConfigInvoker.java:321)
at org.testng.TestRunner.invokeTestConfigurations(TestRunner.java:637)
at org.testng.TestRunner.beforeRun(TestRunner.java:627)
at org.testng.TestRunner.run(TestRunner.java:589)
at org.testng.SuiteRunner.runTest(SuiteRunner.java:377)
at org.testng.SuiteRunner.access$000(SuiteRunner.java:28)
at org.testng.SuiteRunner$SuiteWorker.run(SuiteRunner.java:418)
at org.testng.internal.thread.ThreadUtil.lambda$execute$0(ThreadUtil.java:64)
at java.base/java.util.concurrent.FutureTask.run(FutureTask.java:264)
at java.base/java.util.concurrent.ThreadPoolExecutor.runWorker(ThreadPoolExecutor.java:1136)
at java.base/java.util.concurrent.ThreadPoolExecutor$Worker.run(ThreadPoolExecutor.java:635)
at java.base/java.lang.Thread.run(Thread.java:833)
]]>
    </error>
  </testcase> <!-- openBrowser -->
  <system-out/>
  <testcase classname="Home_Page.VerifyExploreProductTab" name="verifyTheTableNamePresentInExploreProductTab" time="7.089">
    <failure message="The following asserts failed:
	expected [Retail] but found [],
	expected [Agri and Rural] but found []" type="java.lang.AssertionError">
      <![CDATA[java.lang.AssertionError: The following asserts failed:
expected [Retail] but found [],
expected [Agri and Rural] but found []
at org.testng.asserts.SoftAssert.assertAll(SoftAssert.java:47)
at org.testng.asserts.SoftAssert.assertAll(SoftAssert.java:31)
at Home_Page.VerifyExploreProductTab.verifyTheTableNamePresentInExploreProductTab(VerifyExploreProductTab.java:101)
at java.base/jdk.internal.reflect.NativeMethodAccessorImpl.invoke0(Native Method)
at java.base/jdk.internal.reflect.NativeMethodAccessorImpl.invoke(NativeMethodAccessorImpl.java:77)
at java.base/jdk.internal.reflect.DelegatingMethodAccessorImpl.invoke(DelegatingMethodAccessorImpl.java:43)
at java.base/java.lang.reflect.Method.invoke(Method.java:568)
at org.testng.internal.MethodInvocationHelper.invokeMethod(MethodInvocationHelper.java:133)
at org.testng.internal.TestInvoker.invokeMethod(TestInvoker.java:598)
at org.testng.internal.TestInvoker.invokeTestMethod(TestInvoker.java:173)
at org.testng.internal.MethodRunner.runInSequence(MethodRunner.java:46)
at org.testng.internal.TestInvoker$MethodInvocationAgent.invoke(TestInvoker.java:824)
at org.testng.internal.TestInvoker.invokeTestMethods(TestInvoker.java:146)
at org.testng.internal.TestMethodWorker.invokeTestMethods(TestMethodWorker.java:146)
at org.testng.internal.TestMethodWorker.run(TestMethodWorker.java:128)
at java.base/java.util.concurrent.ThreadPoolExecutor.runWorker(ThreadPoolExecutor.java:1136)
at java.base/java.util.concurrent.ThreadPoolExecutor$Worker.run(ThreadPoolExecutor.java:635)
at java.base/java.lang.Thread.run(Thread.java:833)
]]>
    </failure>
  </testcase> <!-- verifyTheTableNamePresentInExploreProductTab -->
  <system-out/>
  <testcase classname="Home_Page.VerifyExploreProductTab" name="verifyAllTheOptionsPresentInExploreProductTab" time="2.900"/>
  <system-out/>
  <testcase classname="Home_Page.VerifyExploreProductTab" name="verifyAllTheOptionsPresentInExploreProductTab" time="0.000">
    <skipped/>
  </testcase> <!-- verifyAllTheOptionsPresentInExploreProductTab -->
  <system-out/>
</testsuite> <!-- Home_Page.VerifyExploreProductTab -->
